<?xml version="1.0" encoding="UTF-8"?>
<testsuite xmlns:xsi="http://www.w3.org/2001/XMLSchema-instance" xsi:noNamespaceSchemaLocation="https://maven.apache.org/surefire/maven-surefire-plugin/xsd/surefire-test-report-3.0.xsd" version="3.0" name="TestSuite" time="18.854" tests="1" errors="0" skipped="0" failures="0">
  <properties>
    <property name="java.specification.version" value="17"/>
    <property name="webdriver.chrome.driver" value="C:\Users\User\.cache\selenium\chromedriver\win32\96.0.4664.45\chromedriver.exe"/>
    <property name="sun.cpu.isalist" value="amd64"/>
    <property name="sun.jnu.encoding" value="Cp1252"/>
    <property name="java.class.path" value="D:\Toppr Automation Projects\TopprSchoolOS\target\test-classes;D:\Toppr Automation Projects\TopprSchoolOS\target\classes;C:\Users\User\.m2\repository\org\apache\maven\plugins\maven-clean-plugin\3.1.0\maven-clean-plugin-3.1.0.jar;C:\Users\User\.m2\repository\org\apache\maven\maven-plugin-api\3.0\maven-plugin-api-3.0.jar;C:\Users\User\.m2\repository\org\apache\maven\maven-model\3.0\maven-model-3.0.jar;C:\Users\User\.m2\repository\org\sonatype\sisu\sisu-inject-plexus\1.4.2\sisu-inject-plexus-1.4.2.jar;C:\Users\User\.m2\repository\org\sonatype\sisu\sisu-inject-bean\1.4.2\sisu-inject-bean-1.4.2.jar;C:\Users\User\.m2\repository\org\sonatype\sisu\sisu-guice\2.1.7\sisu-guice-2.1.7-noaop.jar;C:\Users\User\.m2\repository\org\apache\maven\shared\maven-shared-utils\3.2.1\maven-shared-utils-3.2.1.jar;C:\Users\User\.m2\repository\org\seleniumhq\selenium\selenium-java\4.0.0\selenium-java-4.0.0.jar;C:\Users\User\.m2\repository\org\seleniumhq\selenium\selenium-api\4.0.0\selenium-api-4.0.0.jar;C:\Users\User\.m2\repository\org\seleniumhq\selenium\selenium-devtools-v85\4.0.0\selenium-devtools-v85-4.0.0.jar;C:\Users\User\.m2\repository\org\seleniumhq\selenium\selenium-devtools-v93\4.0.0\selenium-devtools-v93-4.0.0.jar;C:\Users\User\.m2\repository\org\seleniumhq\selenium\selenium-devtools-v94\4.0.0\selenium-devtools-v94-4.0.0.jar;C:\Users\User\.m2\repository\org\seleniumhq\selenium\selenium-devtools-v95\4.0.0\selenium-devtools-v95-4.0.0.jar;C:\Users\User\.m2\repository\org\seleniumhq\selenium\selenium-edge-driver\4.0.0\selenium-edge-driver-4.0.0.jar;C:\Users\User\.m2\repository\org\seleniumhq\selenium\selenium-firefox-driver\4.0.0\selenium-firefox-driver-4.0.0.jar;C:\Users\User\.m2\repository\org\seleniumhq\selenium\selenium-firefox-xpi-driver\4.0.0\selenium-firefox-xpi-driver-4.0.0.jar;C:\Users\User\.m2\repository\org\seleniumhq\selenium\selenium-ie-driver\4.0.0\selenium-ie-driver-4.0.0.jar;C:\Users\User\.m2\repository\org\seleniumhq\selenium\selenium-opera-driver\4.0.0\selenium-opera-driver-4.0.0.jar;C:\Users\User\.m2\repository\org\seleniumhq\selenium\selenium-remote-driver\4.0.0\selenium-remote-driver-4.0.0.jar;C:\Users\User\.m2\repository\io\netty\netty-buffer\4.1.68.Final\netty-buffer-4.1.68.Final.jar;C:\Users\User\.m2\repository\io\netty\netty-codec-http\4.1.67.Final\netty-codec-http-4.1.67.Final.jar;C:\Users\User\.m2\repository\io\netty\netty-codec\4.1.67.Final\netty-codec-4.1.67.Final.jar;C:\Users\User\.m2\repository\io\netty\netty-handler\4.1.67.Final\netty-handler-4.1.67.Final.jar;C:\Users\User\.m2\repository\io\netty\netty-common\4.1.68.Final\netty-common-4.1.68.Final.jar;C:\Users\User\.m2\repository\io\netty\netty-transport-native-epoll\4.1.67.Final\netty-transport-native-epoll-4.1.67.Final.jar;C:\Users\User\.m2\repository\io\netty\netty-transport-native-kqueue\4.1.67.Final\netty-transport-native-kqueue-4.1.67.Final.jar;C:\Users\User\.m2\repository\io\netty\netty-transport-native-unix-common\4.1.67.Final\netty-transport-native-unix-common-4.1.67.Final.jar;C:\Users\User\.m2\repository\io\netty\netty-transport\4.1.68.Final\netty-transport-4.1.68.Final.jar;C:\Users\User\.m2\repository\io\netty\netty-resolver\4.1.68.Final\netty-resolver-4.1.68.Final.jar;C:\Users\User\.m2\repository\io\opentelemetry\opentelemetry-api\1.6.0\opentelemetry-api-1.6.0.jar;C:\Users\User\.m2\repository\io\opentelemetry\opentelemetry-context\1.6.0\opentelemetry-context-1.6.0.jar;C:\Users\User\.m2\repository\io\opentelemetry\opentelemetry-exporter-logging\1.6.0\opentelemetry-exporter-logging-1.6.0.jar;C:\Users\User\.m2\repository\io\opentelemetry\opentelemetry-sdk-metrics\1.6.0-alpha\opentelemetry-sdk-metrics-1.6.0-alpha.jar;C:\Users\User\.m2\repository\io\opentelemetry\opentelemetry-sdk-common\1.6.0\opentelemetry-sdk-common-1.6.0.jar;C:\Users\User\.m2\repository\io\opentelemetry\opentelemetry-sdk-extension-autoconfigure-spi\1.6.0\opentelemetry-sdk-extension-autoconfigure-spi-1.6.0.jar;C:\Users\User\.m2\repository\io\opentelemetry\opentelemetry-sdk-extension-autoconfigure\1.6.0-alpha\opentelemetry-sdk-extension-autoconfigure-1.6.0-alpha.jar;C:\Users\User\.m2\repository\io\opentelemetry\opentelemetry-sdk-trace\1.6.0\opentelemetry-sdk-trace-1.6.0.jar;C:\Users\User\.m2\repository\io\opentelemetry\opentelemetry-api-metrics\1.6.0-alpha\opentelemetry-api-metrics-1.6.0-alpha.jar;C:\Users\User\.m2\repository\io\opentelemetry\opentelemetry-sdk\1.6.0\opentelemetry-sdk-1.6.0.jar;C:\Users\User\.m2\repository\io\opentelemetry\opentelemetry-semconv\1.6.0-alpha\opentelemetry-semconv-1.6.0-alpha.jar;C:\Users\User\.m2\repository\io\ous\jtoml\2.0.0\jtoml-2.0.0.jar;C:\Users\User\.m2\repository\net\bytebuddy\byte-buddy\1.11.19\byte-buddy-1.11.19.jar;C:\Users\User\.m2\repository\org\apache\commons\commons-exec\1.3\commons-exec-1.3.jar;C:\Users\User\.m2\repository\org\asynchttpclient\async-http-client\2.12.3\async-http-client-2.12.3.jar;C:\Users\User\.m2\repository\org\asynchttpclient\async-http-client-netty-utils\2.12.3\async-http-client-netty-utils-2.12.3.jar;C:\Users\User\.m2\repository\io\netty\netty-codec-socks\4.1.60.Final\netty-codec-socks-4.1.60.Final.jar;C:\Users\User\.m2\repository\io\netty\netty-handler-proxy\4.1.60.Final\netty-handler-proxy-4.1.60.Final.jar;C:\Users\User\.m2\repository\io\netty\netty-transport-native-epoll\4.1.60.Final\netty-transport-native-epoll-4.1.60.Final-linux-x86_64.jar;C:\Users\User\.m2\repository\io\netty\netty-transport-native-kqueue\4.1.60.Final\netty-transport-native-kqueue-4.1.60.Final-osx-x86_64.jar;C:\Users\User\.m2\repository\org\reactivestreams\reactive-streams\1.0.3\reactive-streams-1.0.3.jar;C:\Users\User\.m2\repository\com\typesafe\netty\netty-reactive-streams\2.0.4\netty-reactive-streams-2.0.4.jar;C:\Users\User\.m2\repository\com\sun\activation\jakarta.activation\1.2.2\jakarta.activation-1.2.2.jar;C:\Users\User\.m2\repository\org\seleniumhq\selenium\selenium-http\4.0.0\selenium-http-4.0.0.jar;C:\Users\User\.m2\repository\org\seleniumhq\selenium\selenium-safari-driver\4.0.0\selenium-safari-driver-4.0.0.jar;C:\Users\User\.m2\repository\org\seleniumhq\selenium\selenium-support\4.0.0\selenium-support-4.0.0.jar;C:\Users\User\.m2\repository\org\seleniumhq\selenium\selenium-chrome-driver\4.0.0\selenium-chrome-driver-4.0.0.jar;C:\Users\User\.m2\repository\com\google\auto\service\auto-service-annotations\1.0\auto-service-annotations-1.0.jar;C:\Users\User\.m2\repository\com\google\auto\service\auto-service\1.0\auto-service-1.0.jar;C:\Users\User\.m2\repository\com\google\auto\auto-common\1.0\auto-common-1.0.jar;C:\Users\User\.m2\repository\com\google\guava\guava\31.0.1-jre\guava-31.0.1-jre.jar;C:\Users\User\.m2\repository\com\google\guava\failureaccess\1.0.1\failureaccess-1.0.1.jar;C:\Users\User\.m2\repository\com\google\guava\listenablefuture\9999.0-empty-to-avoid-conflict-with-guava\listenablefuture-9999.0-empty-to-avoid-conflict-with-guava.jar;C:\Users\User\.m2\repository\com\google\code\findbugs\jsr305\3.0.2\jsr305-3.0.2.jar;C:\Users\User\.m2\repository\org\checkerframework\checker-qual\3.12.0\checker-qual-3.12.0.jar;C:\Users\User\.m2\repository\com\google\errorprone\error_prone_annotations\2.7.1\error_prone_annotations-2.7.1.jar;C:\Users\User\.m2\repository\com\google\j2objc\j2objc-annotations\1.3\j2objc-annotations-1.3.jar;C:\Users\User\.m2\repository\org\seleniumhq\selenium\selenium-chromium-driver\4.0.0\selenium-chromium-driver-4.0.0.jar;C:\Users\User\.m2\repository\org\seleniumhq\selenium\selenium-json\4.0.0\selenium-json-4.0.0.jar;C:\Users\User\.m2\repository\commons-codec\commons-codec\1.12\commons-codec-1.12.jar;C:\Users\User\.m2\repository\commons-io\commons-io\2.6\commons-io-2.6.jar;C:\Users\User\.m2\repository\org\apache\commons\commons-collections4\4.3\commons-collections4-4.3.jar;C:\Users\User\.m2\repository\io\github\bonigarcia\webdrivermanager\5.0.3\webdrivermanager-5.0.3.jar;C:\Users\User\.m2\repository\com\google\code\gson\gson\2.8.8\gson-2.8.8.jar;C:\Users\User\.m2\repository\org\jsoup\jsoup\1.14.2\jsoup-1.14.2.jar;C:\Users\User\.m2\repository\com\github\docker-java\docker-java\3.2.12\docker-java-3.2.12.jar;C:\Users\User\.m2\repository\com\github\docker-java\docker-java-core\3.2.12\docker-java-core-3.2.12.jar;C:\Users\User\.m2\repository\com\github\docker-java\docker-java-api\3.2.12\docker-java-api-3.2.12.jar;C:\Users\User\.m2\repository\com\fasterxml\jackson\core\jackson-annotations\2.10.3\jackson-annotations-2.10.3.jar;C:\Users\User\.m2\repository\commons-lang\commons-lang\2.6\commons-lang-2.6.jar;C:\Users\User\.m2\repository\com\fasterxml\jackson\core\jackson-databind\2.10.3\jackson-databind-2.10.3.jar;C:\Users\User\.m2\repository\com\fasterxml\jackson\core\jackson-core\2.10.3\jackson-core-2.10.3.jar;C:\Users\User\.m2\repository\org\bouncycastle\bcpkix-jdk15on\1.64\bcpkix-jdk15on-1.64.jar;C:\Users\User\.m2\repository\org\bouncycastle\bcprov-jdk15on\1.64\bcprov-jdk15on-1.64.jar;C:\Users\User\.m2\repository\org\slf4j\jcl-over-slf4j\1.7.30\jcl-over-slf4j-1.7.30.jar;C:\Users\User\.m2\repository\com\github\docker-java\docker-java-transport-httpclient5\3.2.12\docker-java-transport-httpclient5-3.2.12.jar;C:\Users\User\.m2\repository\com\github\docker-java\docker-java-transport\3.2.12\docker-java-transport-3.2.12.jar;C:\Users\User\.m2\repository\org\apache\httpcomponents\client5\httpclient5\5.0.3\httpclient5-5.0.3.jar;C:\Users\User\.m2\repository\org\apache\httpcomponents\core5\httpcore5\5.0.2\httpcore5-5.0.2.jar;C:\Users\User\.m2\repository\net\java\dev\jna\jna\5.8.0\jna-5.8.0.jar;C:\Users\User\.m2\repository\org\brotli\dec\0.1.2\dec-0.1.2.jar;C:\Users\User\.m2\repository\commons-logging\commons-logging\1.2\commons-logging-1.2.jar;C:\Users\User\.m2\repository\org\apache\poi\poi\4.1.0\poi-4.1.0.jar;C:\Users\User\.m2\repository\org\apache\commons\commons-math3\3.6.1\commons-math3-3.6.1.jar;C:\Users\User\.m2\repository\org\apache\poi\poi-examples\4.1.0\poi-examples-4.1.0.jar;C:\Users\User\.m2\repository\org\apache\poi\poi-ooxml\4.1.0\poi-ooxml-4.1.0.jar;C:\Users\User\.m2\repository\org\apache\commons\commons-compress\1.18\commons-compress-1.18.jar;C:\Users\User\.m2\repository\com\github\virtuald\curvesapi\1.06\curvesapi-1.06.jar;C:\Users\User\.m2\repository\org\apache\poi\poi-ooxml-schemas\4.1.0\poi-ooxml-schemas-4.1.0.jar;C:\Users\User\.m2\repository\org\apache\xmlbeans\xmlbeans\3.1.0\xmlbeans-3.1.0.jar;C:\Users\User\.m2\repository\org\apache\poi\poi-scratchpad\4.1.0\poi-scratchpad-4.1.0.jar;C:\Users\User\.m2\repository\org\testng\testng\6.14.3\testng-6.14.3.jar;C:\Users\User\.m2\repository\com\beust\jcommander\1.72\jcommander-1.72.jar;C:\Users\User\.m2\repository\org\apache-extras\beanshell\bsh\2.0b6\bsh-2.0b6.jar;C:\Users\User\.m2\repository\log4j\log4j\1.2.17\log4j-1.2.17.jar;C:\Users\User\.m2\repository\org\aeonbits\owner\owner\1.0.8\owner-1.0.8.jar;C:\Users\User\.m2\repository\org\apache\maven\plugins\maven-compiler-plugin\3.7.0\maven-compiler-plugin-3.7.0.jar;C:\Users\User\.m2\repository\org\apache\maven\maven-artifact\3.0\maven-artifact-3.0.jar;C:\Users\User\.m2\repository\org\codehaus\plexus\plexus-utils\2.0.4\plexus-utils-2.0.4.jar;C:\Users\User\.m2\repository\org\apache\maven\maven-core\3.0\maven-core-3.0.jar;C:\Users\User\.m2\repository\org\apache\maven\maven-settings\3.0\maven-settings-3.0.jar;C:\Users\User\.m2\repository\org\apache\maven\maven-settings-builder\3.0\maven-settings-builder-3.0.jar;C:\Users\User\.m2\repository\org\apache\maven\maven-repository-metadata\3.0\maven-repository-metadata-3.0.jar;C:\Users\User\.m2\repository\org\apache\maven\maven-model-builder\3.0\maven-model-builder-3.0.jar;C:\Users\User\.m2\repository\org\apache\maven\maven-aether-provider\3.0\maven-aether-provider-3.0.jar;C:\Users\User\.m2\repository\org\sonatype\aether\aether-impl\1.7\aether-impl-1.7.jar;C:\Users\User\.m2\repository\org\sonatype\aether\aether-spi\1.7\aether-spi-1.7.jar;C:\Users\User\.m2\repository\org\sonatype\aether\aether-api\1.7\aether-api-1.7.jar;C:\Users\User\.m2\repository\org\sonatype\aether\aether-util\1.7\aether-util-1.7.jar;C:\Users\User\.m2\repository\org\codehaus\plexus\plexus-interpolation\1.14\plexus-interpolation-1.14.jar;C:\Users\User\.m2\repository\org\codehaus\plexus\plexus-classworlds\2.2.3\plexus-classworlds-2.2.3.jar;C:\Users\User\.m2\repository\org\codehaus\plexus\plexus-component-annotations\1.5.5\plexus-component-annotations-1.5.5.jar;C:\Users\User\.m2\repository\org\sonatype\plexus\plexus-sec-dispatcher\1.3\plexus-sec-dispatcher-1.3.jar;C:\Users\User\.m2\repository\org\sonatype\plexus\plexus-cipher\1.4\plexus-cipher-1.4.jar;C:\Users\User\.m2\repository\org\apache\maven\shared\maven-shared-incremental\1.1\maven-shared-incremental-1.1.jar;C:\Users\User\.m2\repository\org\codehaus\plexus\plexus-java\0.9.2\plexus-java-0.9.2.jar;C:\Users\User\.m2\repository\org\ow2\asm\asm\6.0_BETA\asm-6.0_BETA.jar;C:\Users\User\.m2\repository\com\thoughtworks\qdox\qdox\2.0-M7\qdox-2.0-M7.jar;C:\Users\User\.m2\repository\org\codehaus\plexus\plexus-compiler-api\2.8.2\plexus-compiler-api-2.8.2.jar;C:\Users\User\.m2\repository\org\codehaus\plexus\plexus-compiler-manager\2.8.2\plexus-compiler-manager-2.8.2.jar;C:\Users\User\.m2\repository\org\codehaus\plexus\plexus-compiler-javac\2.8.2\plexus-compiler-javac-2.8.2.jar;C:\Users\User\.m2\repository\com\relevantcodes\extentreports\2.41.2\extentreports-2.41.2.jar;C:\Users\User\.m2\repository\org\xerial\sqlite-jdbc\3.8.11.1\sqlite-jdbc-3.8.11.1.jar;C:\Users\User\.m2\repository\org\freemarker\freemarker\2.3.23\freemarker-2.3.23.jar;C:\Users\User\.m2\repository\org\mongodb\mongodb-driver\3.0.4\mongodb-driver-3.0.4.jar;C:\Users\User\.m2\repository\org\mongodb\bson\3.0.4\bson-3.0.4.jar;C:\Users\User\.m2\repository\org\mongodb\mongodb-driver-core\3.0.4\mongodb-driver-core-3.0.4.jar;C:\Users\User\.m2\repository\org\slf4j\slf4j-api\1.7.13\slf4j-api-1.7.13.jar;C:\Users\User\.m2\repository\com\googlecode\json-simple\json-simple\1.1.1\json-simple-1.1.1.jar;C:\Users\User\.m2\repository\junit\junit\4.10\junit-4.10.jar;C:\Users\User\.m2\repository\org\hamcrest\hamcrest-core\1.1\hamcrest-core-1.1.jar;C:\Users\User\.m2\repository\org\hamcrest\hamcrest-all\1.3\hamcrest-all-1.3.jar;C:\Users\User\.m2\repository\org\apache\httpcomponents\httpmime\4.3.1\httpmime-4.3.1.jar;C:\Users\User\.m2\repository\org\apache\httpcomponents\httpclient\4.3.1\httpclient-4.3.1.jar;C:\Users\User\.m2\repository\org\apache\httpcomponents\httpcore\4.3\httpcore-4.3.jar;C:\Users\User\.m2\repository\org\slf4j\slf4j-log4j12\1.7.13\slf4j-log4j12-1.7.13.jar;"/>
    <property name="java.vm.vendor" value="Eclipse Adoptium"/>
    <property name="sun.arch.data.model" value="64"/>
    <property name="user.variant" value=""/>
    <property name="java.vendor.url" value="https://adoptium.net/"/>
    <property name="user.timezone" value="Asia/Calcutta"/>
    <property name="os.name" value="Windows 10"/>
    <property name="java.vm.specification.version" value="17"/>
    <property name="sun.java.launcher" value="SUN_STANDARD"/>
    <property name="user.country" value="US"/>
    <property name="sun.boot.library.path" value="C:\Users\User\.p2\pool\plugins\org.eclipse.justj.openjdk.hotspot.jre.full.win32.x86_64_17.0.0.v20211012-1059\jre\bin"/>
    <property name="sun.java.command" value="C:\Users\User\AppData\Local\Temp\surefire1165574025752022355\surefirebooter6518074087491407024.jar C:\Users\User\AppData\Local\Temp\surefire1165574025752022355 2021-12-06T12-50-36_799-jvmRun1 surefire5998197573193092930tmp surefire_011372267728423763814tmp"/>
    <property name="jdk.debug" value="release"/>
    <property name="surefire.test.class.path" value="D:\Toppr Automation Projects\TopprSchoolOS\target\test-classes;D:\Toppr Automation Projects\TopprSchoolOS\target\classes;C:\Users\User\.m2\repository\org\apache\maven\plugins\maven-clean-plugin\3.1.0\maven-clean-plugin-3.1.0.jar;C:\Users\User\.m2\repository\org\apache\maven\maven-plugin-api\3.0\maven-plugin-api-3.0.jar;C:\Users\User\.m2\repository\org\apache\maven\maven-model\3.0\maven-model-3.0.jar;C:\Users\User\.m2\repository\org\sonatype\sisu\sisu-inject-plexus\1.4.2\sisu-inject-plexus-1.4.2.jar;C:\Users\User\.m2\repository\org\sonatype\sisu\sisu-inject-bean\1.4.2\sisu-inject-bean-1.4.2.jar;C:\Users\User\.m2\repository\org\sonatype\sisu\sisu-guice\2.1.7\sisu-guice-2.1.7-noaop.jar;C:\Users\User\.m2\repository\org\apache\maven\shared\maven-shared-utils\3.2.1\maven-shared-utils-3.2.1.jar;C:\Users\User\.m2\repository\org\seleniumhq\selenium\selenium-java\4.0.0\selenium-java-4.0.0.jar;C:\Users\User\.m2\repository\org\seleniumhq\selenium\selenium-api\4.0.0\selenium-api-4.0.0.jar;C:\Users\User\.m2\repository\org\seleniumhq\selenium\selenium-devtools-v85\4.0.0\selenium-devtools-v85-4.0.0.jar;C:\Users\User\.m2\repository\org\seleniumhq\selenium\selenium-devtools-v93\4.0.0\selenium-devtools-v93-4.0.0.jar;C:\Users\User\.m2\repository\org\seleniumhq\selenium\selenium-devtools-v94\4.0.0\selenium-devtools-v94-4.0.0.jar;C:\Users\User\.m2\repository\org\seleniumhq\selenium\selenium-devtools-v95\4.0.0\selenium-devtools-v95-4.0.0.jar;C:\Users\User\.m2\repository\org\seleniumhq\selenium\selenium-edge-driver\4.0.0\selenium-edge-driver-4.0.0.jar;C:\Users\User\.m2\repository\org\seleniumhq\selenium\selenium-firefox-driver\4.0.0\selenium-firefox-driver-4.0.0.jar;C:\Users\User\.m2\repository\org\seleniumhq\selenium\selenium-firefox-xpi-driver\4.0.0\selenium-firefox-xpi-driver-4.0.0.jar;C:\Users\User\.m2\repository\org\seleniumhq\selenium\selenium-ie-driver\4.0.0\selenium-ie-driver-4.0.0.jar;C:\Users\User\.m2\repository\org\seleniumhq\selenium\selenium-opera-driver\4.0.0\selenium-opera-driver-4.0.0.jar;C:\Users\User\.m2\repository\org\seleniumhq\selenium\selenium-remote-driver\4.0.0\selenium-remote-driver-4.0.0.jar;C:\Users\User\.m2\repository\io\netty\netty-buffer\4.1.68.Final\netty-buffer-4.1.68.Final.jar;C:\Users\User\.m2\repository\io\netty\netty-codec-http\4.1.67.Final\netty-codec-http-4.1.67.Final.jar;C:\Users\User\.m2\repository\io\netty\netty-codec\4.1.67.Final\netty-codec-4.1.67.Final.jar;C:\Users\User\.m2\repository\io\netty\netty-handler\4.1.67.Final\netty-handler-4.1.67.Final.jar;C:\Users\User\.m2\repository\io\netty\netty-common\4.1.68.Final\netty-common-4.1.68.Final.jar;C:\Users\User\.m2\repository\io\netty\netty-transport-native-epoll\4.1.67.Final\netty-transport-native-epoll-4.1.67.Final.jar;C:\Users\User\.m2\repository\io\netty\netty-transport-native-kqueue\4.1.67.Final\netty-transport-native-kqueue-4.1.67.Final.jar;C:\Users\User\.m2\repository\io\netty\netty-transport-native-unix-common\4.1.67.Final\netty-transport-native-unix-common-4.1.67.Final.jar;C:\Users\User\.m2\repository\io\netty\netty-transport\4.1.68.Final\netty-transport-4.1.68.Final.jar;C:\Users\User\.m2\repository\io\netty\netty-resolver\4.1.68.Final\netty-resolver-4.1.68.Final.jar;C:\Users\User\.m2\repository\io\opentelemetry\opentelemetry-api\1.6.0\opentelemetry-api-1.6.0.jar;C:\Users\User\.m2\repository\io\opentelemetry\opentelemetry-context\1.6.0\opentelemetry-context-1.6.0.jar;C:\Users\User\.m2\repository\io\opentelemetry\opentelemetry-exporter-logging\1.6.0\opentelemetry-exporter-logging-1.6.0.jar;C:\Users\User\.m2\repository\io\opentelemetry\opentelemetry-sdk-metrics\1.6.0-alpha\opentelemetry-sdk-metrics-1.6.0-alpha.jar;C:\Users\User\.m2\repository\io\opentelemetry\opentelemetry-sdk-common\1.6.0\opentelemetry-sdk-common-1.6.0.jar;C:\Users\User\.m2\repository\io\opentelemetry\opentelemetry-sdk-extension-autoconfigure-spi\1.6.0\opentelemetry-sdk-extension-autoconfigure-spi-1.6.0.jar;C:\Users\User\.m2\repository\io\opentelemetry\opentelemetry-sdk-extension-autoconfigure\1.6.0-alpha\opentelemetry-sdk-extension-autoconfigure-1.6.0-alpha.jar;C:\Users\User\.m2\repository\io\opentelemetry\opentelemetry-sdk-trace\1.6.0\opentelemetry-sdk-trace-1.6.0.jar;C:\Users\User\.m2\repository\io\opentelemetry\opentelemetry-api-metrics\1.6.0-alpha\opentelemetry-api-metrics-1.6.0-alpha.jar;C:\Users\User\.m2\repository\io\opentelemetry\opentelemetry-sdk\1.6.0\opentelemetry-sdk-1.6.0.jar;C:\Users\User\.m2\repository\io\opentelemetry\opentelemetry-semconv\1.6.0-alpha\opentelemetry-semconv-1.6.0-alpha.jar;C:\Users\User\.m2\repository\io\ous\jtoml\2.0.0\jtoml-2.0.0.jar;C:\Users\User\.m2\repository\net\bytebuddy\byte-buddy\1.11.19\byte-buddy-1.11.19.jar;C:\Users\User\.m2\repository\org\apache\commons\commons-exec\1.3\commons-exec-1.3.jar;C:\Users\User\.m2\repository\org\asynchttpclient\async-http-client\2.12.3\async-http-client-2.12.3.jar;C:\Users\User\.m2\repository\org\asynchttpclient\async-http-client-netty-utils\2.12.3\async-http-client-netty-utils-2.12.3.jar;C:\Users\User\.m2\repository\io\netty\netty-codec-socks\4.1.60.Final\netty-codec-socks-4.1.60.Final.jar;C:\Users\User\.m2\repository\io\netty\netty-handler-proxy\4.1.60.Final\netty-handler-proxy-4.1.60.Final.jar;C:\Users\User\.m2\repository\io\netty\netty-transport-native-epoll\4.1.60.Final\netty-transport-native-epoll-4.1.60.Final-linux-x86_64.jar;C:\Users\User\.m2\repository\io\netty\netty-transport-native-kqueue\4.1.60.Final\netty-transport-native-kqueue-4.1.60.Final-osx-x86_64.jar;C:\Users\User\.m2\repository\org\reactivestreams\reactive-streams\1.0.3\reactive-streams-1.0.3.jar;C:\Users\User\.m2\repository\com\typesafe\netty\netty-reactive-streams\2.0.4\netty-reactive-streams-2.0.4.jar;C:\Users\User\.m2\repository\com\sun\activation\jakarta.activation\1.2.2\jakarta.activation-1.2.2.jar;C:\Users\User\.m2\repository\org\seleniumhq\selenium\selenium-http\4.0.0\selenium-http-4.0.0.jar;C:\Users\User\.m2\repository\org\seleniumhq\selenium\selenium-safari-driver\4.0.0\selenium-safari-driver-4.0.0.jar;C:\Users\User\.m2\repository\org\seleniumhq\selenium\selenium-support\4.0.0\selenium-support-4.0.0.jar;C:\Users\User\.m2\repository\org\seleniumhq\selenium\selenium-chrome-driver\4.0.0\selenium-chrome-driver-4.0.0.jar;C:\Users\User\.m2\repository\com\google\auto\service\auto-service-annotations\1.0\auto-service-annotations-1.0.jar;C:\Users\User\.m2\repository\com\google\auto\service\auto-service\1.0\auto-service-1.0.jar;C:\Users\User\.m2\repository\com\google\auto\auto-common\1.0\auto-common-1.0.jar;C:\Users\User\.m2\repository\com\google\guava\guava\31.0.1-jre\guava-31.0.1-jre.jar;C:\Users\User\.m2\repository\com\google\guava\failureaccess\1.0.1\failureaccess-1.0.1.jar;C:\Users\User\.m2\repository\com\google\guava\listenablefuture\9999.0-empty-to-avoid-conflict-with-guava\listenablefuture-9999.0-empty-to-avoid-conflict-with-guava.jar;C:\Users\User\.m2\repository\com\google\code\findbugs\jsr305\3.0.2\jsr305-3.0.2.jar;C:\Users\User\.m2\repository\org\checkerframework\checker-qual\3.12.0\checker-qual-3.12.0.jar;C:\Users\User\.m2\repository\com\google\errorprone\error_prone_annotations\2.7.1\error_prone_annotations-2.7.1.jar;C:\Users\User\.m2\repository\com\google\j2objc\j2objc-annotations\1.3\j2objc-annotations-1.3.jar;C:\Users\User\.m2\repository\org\seleniumhq\selenium\selenium-chromium-driver\4.0.0\selenium-chromium-driver-4.0.0.jar;C:\Users\User\.m2\repository\org\seleniumhq\selenium\selenium-json\4.0.0\selenium-json-4.0.0.jar;C:\Users\User\.m2\repository\commons-codec\commons-codec\1.12\commons-codec-1.12.jar;C:\Users\User\.m2\repository\commons-io\commons-io\2.6\commons-io-2.6.jar;C:\Users\User\.m2\repository\org\apache\commons\commons-collections4\4.3\commons-collections4-4.3.jar;C:\Users\User\.m2\repository\io\github\bonigarcia\webdrivermanager\5.0.3\webdrivermanager-5.0.3.jar;C:\Users\User\.m2\repository\com\google\code\gson\gson\2.8.8\gson-2.8.8.jar;C:\Users\User\.m2\repository\org\jsoup\jsoup\1.14.2\jsoup-1.14.2.jar;C:\Users\User\.m2\repository\com\github\docker-java\docker-java\3.2.12\docker-java-3.2.12.jar;C:\Users\User\.m2\repository\com\github\docker-java\docker-java-core\3.2.12\docker-java-core-3.2.12.jar;C:\Users\User\.m2\repository\com\github\docker-java\docker-java-api\3.2.12\docker-java-api-3.2.12.jar;C:\Users\User\.m2\repository\com\fasterxml\jackson\core\jackson-annotations\2.10.3\jackson-annotations-2.10.3.jar;C:\Users\User\.m2\repository\commons-lang\commons-lang\2.6\commons-lang-2.6.jar;C:\Users\User\.m2\repository\com\fasterxml\jackson\core\jackson-databind\2.10.3\jackson-databind-2.10.3.jar;C:\Users\User\.m2\repository\com\fasterxml\jackson\core\jackson-core\2.10.3\jackson-core-2.10.3.jar;C:\Users\User\.m2\repository\org\bouncycastle\bcpkix-jdk15on\1.64\bcpkix-jdk15on-1.64.jar;C:\Users\User\.m2\repository\org\bouncycastle\bcprov-jdk15on\1.64\bcprov-jdk15on-1.64.jar;C:\Users\User\.m2\repository\org\slf4j\jcl-over-slf4j\1.7.30\jcl-over-slf4j-1.7.30.jar;C:\Users\User\.m2\repository\com\github\docker-java\docker-java-transport-httpclient5\3.2.12\docker-java-transport-httpclient5-3.2.12.jar;C:\Users\User\.m2\repository\com\github\docker-java\docker-java-transport\3.2.12\docker-java-transport-3.2.12.jar;C:\Users\User\.m2\repository\org\apache\httpcomponents\client5\httpclient5\5.0.3\httpclient5-5.0.3.jar;C:\Users\User\.m2\repository\org\apache\httpcomponents\core5\httpcore5\5.0.2\httpcore5-5.0.2.jar;C:\Users\User\.m2\repository\net\java\dev\jna\jna\5.8.0\jna-5.8.0.jar;C:\Users\User\.m2\repository\org\brotli\dec\0.1.2\dec-0.1.2.jar;C:\Users\User\.m2\repository\commons-logging\commons-logging\1.2\commons-logging-1.2.jar;C:\Users\User\.m2\repository\org\apache\poi\poi\4.1.0\poi-4.1.0.jar;C:\Users\User\.m2\repository\org\apache\commons\commons-math3\3.6.1\commons-math3-3.6.1.jar;C:\Users\User\.m2\repository\org\apache\poi\poi-examples\4.1.0\poi-examples-4.1.0.jar;C:\Users\User\.m2\repository\org\apache\poi\poi-ooxml\4.1.0\poi-ooxml-4.1.0.jar;C:\Users\User\.m2\repository\org\apache\commons\commons-compress\1.18\commons-compress-1.18.jar;C:\Users\User\.m2\repository\com\github\virtuald\curvesapi\1.06\curvesapi-1.06.jar;C:\Users\User\.m2\repository\org\apache\poi\poi-ooxml-schemas\4.1.0\poi-ooxml-schemas-4.1.0.jar;C:\Users\User\.m2\repository\org\apache\xmlbeans\xmlbeans\3.1.0\xmlbeans-3.1.0.jar;C:\Users\User\.m2\repository\org\apache\poi\poi-scratchpad\4.1.0\poi-scratchpad-4.1.0.jar;C:\Users\User\.m2\repository\org\testng\testng\6.14.3\testng-6.14.3.jar;C:\Users\User\.m2\repository\com\beust\jcommander\1.72\jcommander-1.72.jar;C:\Users\User\.m2\repository\org\apache-extras\beanshell\bsh\2.0b6\bsh-2.0b6.jar;C:\Users\User\.m2\repository\log4j\log4j\1.2.17\log4j-1.2.17.jar;C:\Users\User\.m2\repository\org\aeonbits\owner\owner\1.0.8\owner-1.0.8.jar;C:\Users\User\.m2\repository\org\apache\maven\plugins\maven-compiler-plugin\3.7.0\maven-compiler-plugin-3.7.0.jar;C:\Users\User\.m2\repository\org\apache\maven\maven-artifact\3.0\maven-artifact-3.0.jar;C:\Users\User\.m2\repository\org\codehaus\plexus\plexus-utils\2.0.4\plexus-utils-2.0.4.jar;C:\Users\User\.m2\repository\org\apache\maven\maven-core\3.0\maven-core-3.0.jar;C:\Users\User\.m2\repository\org\apache\maven\maven-settings\3.0\maven-settings-3.0.jar;C:\Users\User\.m2\repository\org\apache\maven\maven-settings-builder\3.0\maven-settings-builder-3.0.jar;C:\Users\User\.m2\repository\org\apache\maven\maven-repository-metadata\3.0\maven-repository-metadata-3.0.jar;C:\Users\User\.m2\repository\org\apache\maven\maven-model-builder\3.0\maven-model-builder-3.0.jar;C:\Users\User\.m2\repository\org\apache\maven\maven-aether-provider\3.0\maven-aether-provider-3.0.jar;C:\Users\User\.m2\repository\org\sonatype\aether\aether-impl\1.7\aether-impl-1.7.jar;C:\Users\User\.m2\repository\org\sonatype\aether\aether-spi\1.7\aether-spi-1.7.jar;C:\Users\User\.m2\repository\org\sonatype\aether\aether-api\1.7\aether-api-1.7.jar;C:\Users\User\.m2\repository\org\sonatype\aether\aether-util\1.7\aether-util-1.7.jar;C:\Users\User\.m2\repository\org\codehaus\plexus\plexus-interpolation\1.14\plexus-interpolation-1.14.jar;C:\Users\User\.m2\repository\org\codehaus\plexus\plexus-classworlds\2.2.3\plexus-classworlds-2.2.3.jar;C:\Users\User\.m2\repository\org\codehaus\plexus\plexus-component-annotations\1.5.5\plexus-component-annotations-1.5.5.jar;C:\Users\User\.m2\repository\org\sonatype\plexus\plexus-sec-dispatcher\1.3\plexus-sec-dispatcher-1.3.jar;C:\Users\User\.m2\repository\org\sonatype\plexus\plexus-cipher\1.4\plexus-cipher-1.4.jar;C:\Users\User\.m2\repository\org\apache\maven\shared\maven-shared-incremental\1.1\maven-shared-incremental-1.1.jar;C:\Users\User\.m2\repository\org\codehaus\plexus\plexus-java\0.9.2\plexus-java-0.9.2.jar;C:\Users\User\.m2\repository\org\ow2\asm\asm\6.0_BETA\asm-6.0_BETA.jar;C:\Users\User\.m2\repository\com\thoughtworks\qdox\qdox\2.0-M7\qdox-2.0-M7.jar;C:\Users\User\.m2\repository\org\codehaus\plexus\plexus-compiler-api\2.8.2\plexus-compiler-api-2.8.2.jar;C:\Users\User\.m2\repository\org\codehaus\plexus\plexus-compiler-manager\2.8.2\plexus-compiler-manager-2.8.2.jar;C:\Users\User\.m2\repository\org\codehaus\plexus\plexus-compiler-javac\2.8.2\plexus-compiler-javac-2.8.2.jar;C:\Users\User\.m2\repository\com\relevantcodes\extentreports\2.41.2\extentreports-2.41.2.jar;C:\Users\User\.m2\repository\org\xerial\sqlite-jdbc\3.8.11.1\sqlite-jdbc-3.8.11.1.jar;C:\Users\User\.m2\repository\org\freemarker\freemarker\2.3.23\freemarker-2.3.23.jar;C:\Users\User\.m2\repository\org\mongodb\mongodb-driver\3.0.4\mongodb-driver-3.0.4.jar;C:\Users\User\.m2\repository\org\mongodb\bson\3.0.4\bson-3.0.4.jar;C:\Users\User\.m2\repository\org\mongodb\mongodb-driver-core\3.0.4\mongodb-driver-core-3.0.4.jar;C:\Users\User\.m2\repository\org\slf4j\slf4j-api\1.7.13\slf4j-api-1.7.13.jar;C:\Users\User\.m2\repository\com\googlecode\json-simple\json-simple\1.1.1\json-simple-1.1.1.jar;C:\Users\User\.m2\repository\junit\junit\4.10\junit-4.10.jar;C:\Users\User\.m2\repository\org\hamcrest\hamcrest-core\1.1\hamcrest-core-1.1.jar;C:\Users\User\.m2\repository\org\hamcrest\hamcrest-all\1.3\hamcrest-all-1.3.jar;C:\Users\User\.m2\repository\org\apache\httpcomponents\httpmime\4.3.1\httpmime-4.3.1.jar;C:\Users\User\.m2\repository\org\apache\httpcomponents\httpclient\4.3.1\httpclient-4.3.1.jar;C:\Users\User\.m2\repository\org\apache\httpcomponents\httpcore\4.3\httpcore-4.3.jar;C:\Users\User\.m2\repository\org\slf4j\slf4j-log4j12\1.7.13\slf4j-log4j12-1.7.13.jar;"/>
    <property name="sun.cpu.endian" value="little"/>
    <property name="user.home" value="C:\Users\User"/>
    <property name="user.language" value="en"/>
    <property name="java.specification.vendor" value="Oracle Corporation"/>
    <property name="java.version.date" value="2021-09-14"/>
    <property name="java.home" value="C:\Users\User\.p2\pool\plugins\org.eclipse.justj.openjdk.hotspot.jre.full.win32.x86_64_17.0.0.v20211012-1059\jre"/>
    <property name="file.separator" value="\"/>
    <property name="basedir" value="D:\Toppr Automation Projects\TopprSchoolOS"/>
    <property name="java.vm.compressedOopsMode" value="32-bit"/>
    <property name="line.separator" value="&#10;"/>
    <property name="java.vm.specification.vendor" value="Oracle Corporation"/>
    <property name="java.specification.name" value="Java Platform API Specification"/>
    <property name="surefire.real.class.path" value="C:\Users\User\AppData\Local\Temp\surefire1165574025752022355\surefirebooter6518074087491407024.jar"/>
    <property name="user.script" value=""/>
    <property name="sun.management.compiler" value="HotSpot 64-Bit Tiered Compilers"/>
    <property name="java.runtime.version" value="17+35"/>
    <property name="user.name" value="User"/>
    <property name="path.separator" value=";"/>
    <property name="os.version" value="10.0"/>
    <property name="java.runtime.name" value="OpenJDK Runtime Environment"/>
    <property name="file.encoding" value="Cp1252"/>
    <property name="sun.nio.ch.bugLevel" value=""/>
    <property name="java.vm.name" value="OpenJDK 64-Bit Server VM"/>
    <property name="java.vendor.version" value="Temurin-17+35"/>
    <property name="localRepository" value="C:\Users\User\.m2\repository"/>
    <property name="java.vendor.url.bug" value="https://github.com/adoptium/adoptium-support/issues"/>
    <property name="java.io.tmpdir" value="C:\Users\User\AppData\Local\Temp\"/>
    <property name="java.version" value="17"/>
    <property name="user.dir" value="D:\Toppr Automation Projects\TopprSchoolOS"/>
    <property name="os.arch" value="amd64"/>
    <property name="java.vm.specification.name" value="Java Virtual Machine Specification"/>
    <property name="sun.os.patch.level" value=""/>
    <property name="native.encoding" value="Cp1252"/>
    <property name="java.library.path" value="C:\Users\User\.p2\pool\plugins\org.eclipse.justj.openjdk.hotspot.jre.full.win32.x86_64_17.0.0.v20211012-1059\jre\bin;C:\Windows\Sun\Java\bin;C:\Windows\system32;C:\Windows;C:/Users/User/.p2/pool/plugins/org.eclipse.justj.openjdk.hotspot.jre.full.win32.x86_64_17.0.0.v20211012-1059/jre/bin/server;C:/Users/User/.p2/pool/plugins/org.eclipse.justj.openjdk.hotspot.jre.full.win32.x86_64_17.0.0.v20211012-1059/jre/bin;C:\Windows\system32;C:\Windows;C:\Windows\System32\Wbem;C:\Windows\System32\WindowsPowerShell\v1.0\;C:\Windows\System32\OpenSSH\;C:\Program Files\Git\cmd;C:\Users\User\AppData\Local\Microsoft\WindowsApps;;C:\Windows\system32;;."/>
    <property name="java.vm.info" value="mixed mode"/>
    <property name="java.vendor" value="Eclipse Adoptium"/>
    <property name="java.vm.version" value="17+35"/>
    <property name="sun.io.unicode.encoding" value="UnicodeLittle"/>
    <property name="java.class.version" value="61.0"/>
  </properties>
  <testcase name="Login" classname="com.toppr.tests.Assignment" time="10.596">
    <system-out><![CDATA[228 [main] DEBUG io.github.bonigarcia.wdm.cache.ResolutionCache  - Resolution chrome=96 in cache (valid until 13:32:46 06/12/2021 IST)
229 [main] DEBUG io.github.bonigarcia.wdm.cache.ResolutionCache  - Resolution chrome96=96.0.4664.45 in cache (valid until 10:51:57 07/12/2021 IST)
229 [main] INFO io.github.bonigarcia.wdm.WebDriverManager  - Using chromedriver 96.0.4664.45 (resolved driver for Chrome 96)
236 [main] DEBUG io.github.bonigarcia.wdm.WebDriverManager  - Driver chromedriver 96.0.4664.45 found in cache
237 [main] INFO io.github.bonigarcia.wdm.WebDriverManager  - Exporting webdriver.chrome.driver as C:\Users\User\.cache\selenium\chromedriver\win32\96.0.4664.45\chromedriver.exe
297 [main] DEBUG io.netty.util.internal.logging.InternalLoggerFactory  - Using SLF4J as the default logging framework
299 [main] DEBUG io.netty.util.ResourceLeakDetector  - -Dio.netty.leakDetection.level: simple
299 [main] DEBUG io.netty.util.ResourceLeakDetector  - -Dio.netty.leakDetection.targetRecords: 4
301 [main] DEBUG io.netty.util.ResourceLeakDetectorFactory  - Loaded default ResourceLeakDetector: io.netty.util.ResourceLeakDetector@61861a29
310 [main] DEBUG io.netty.util.internal.PlatformDependent0  - -Dio.netty.noUnsafe: false
310 [main] DEBUG io.netty.util.internal.PlatformDependent0  - Java version: 17
311 [main] DEBUG io.netty.util.internal.PlatformDependent0  - sun.misc.Unsafe.theUnsafe: available
311 [main] DEBUG io.netty.util.internal.PlatformDependent0  - sun.misc.Unsafe.copyMemory: available
312 [main] DEBUG io.netty.util.internal.PlatformDependent0  - java.nio.Buffer.address: available
312 [main] DEBUG io.netty.util.internal.PlatformDependent0  - direct buffer constructor: unavailable: Reflective setAccessible(true) disabled
312 [main] DEBUG io.netty.util.internal.PlatformDependent0  - java.nio.Bits.unaligned: available, true
313 [main] DEBUG io.netty.util.internal.PlatformDependent0  - jdk.internal.misc.Unsafe.allocateUninitializedArray(int): unavailable: class io.netty.util.internal.PlatformDependent0$6 cannot access class jdk.internal.misc.Unsafe (in module java.base) because module java.base does not export jdk.internal.misc to unnamed module @2638011
313 [main] DEBUG io.netty.util.internal.PlatformDependent0  - java.nio.DirectByteBuffer.<init>(long, int): unavailable
314 [main] DEBUG io.netty.util.internal.PlatformDependent  - sun.misc.Unsafe: available
315 [main] DEBUG io.netty.util.internal.PlatformDependent  - maxDirectMemory: 2069889024 bytes (maybe)
315 [main] DEBUG io.netty.util.internal.PlatformDependent  - -Dio.netty.tmpdir: C:\Users\User\AppData\Local\Temp (java.io.tmpdir)
315 [main] DEBUG io.netty.util.internal.PlatformDependent  - -Dio.netty.bitMode: 64 (sun.arch.data.model)
315 [main] DEBUG io.netty.util.internal.PlatformDependent  - Platform: Windows
315 [main] DEBUG io.netty.util.internal.PlatformDependent  - -Dio.netty.maxDirectMemory: -1 bytes
315 [main] DEBUG io.netty.util.internal.PlatformDependent  - -Dio.netty.uninitializedArrayAllocationThreshold: -1
316 [main] DEBUG io.netty.util.internal.CleanerJava9  - java.nio.ByteBuffer.cleaner(): available
316 [main] DEBUG io.netty.util.internal.PlatformDependent  - -Dio.netty.noPreferDirect: false
320 [main] DEBUG io.netty.util.internal.PlatformDependent  - org.jctools-core.MpscChunkedArrayQueue: available
328 [main] DEBUG io.netty.util.internal.InternalThreadLocalMap  - -Dio.netty.threadLocalMap.stringBuilder.initialSize: 1024
328 [main] DEBUG io.netty.util.internal.InternalThreadLocalMap  - -Dio.netty.threadLocalMap.stringBuilder.maxSize: 4096
368 [main] DEBUG io.netty.handler.ssl.JdkSslContext  - Default protocols (JDK): [TLSv1.3, TLSv1.2] 
368 [main] DEBUG io.netty.handler.ssl.JdkSslContext  - Default cipher suites (JDK): [TLS_ECDHE_ECDSA_WITH_AES_256_GCM_SHA384, TLS_ECDHE_ECDSA_WITH_AES_128_GCM_SHA256, TLS_ECDHE_RSA_WITH_AES_128_GCM_SHA256, TLS_ECDHE_RSA_WITH_AES_256_GCM_SHA384, TLS_ECDHE_RSA_WITH_AES_128_CBC_SHA, TLS_ECDHE_RSA_WITH_AES_256_CBC_SHA, TLS_RSA_WITH_AES_128_GCM_SHA256, TLS_RSA_WITH_AES_128_CBC_SHA, TLS_RSA_WITH_AES_256_CBC_SHA, TLS_AES_128_GCM_SHA256, TLS_AES_256_GCM_SHA384]
381 [main] DEBUG io.netty.channel.MultithreadEventLoopGroup  - -Dio.netty.eventLoopThreads: 16
387 [main] DEBUG io.netty.channel.nio.NioEventLoop  - -Dio.netty.noKeySetOptimization: false
387 [main] DEBUG io.netty.channel.nio.NioEventLoop  - -Dio.netty.selectorAutoRebuildThreshold: 512
418 [main] DEBUG io.netty.buffer.PooledByteBufAllocator  - -Dio.netty.allocator.numHeapArenas: 16
419 [main] DEBUG io.netty.buffer.PooledByteBufAllocator  - -Dio.netty.allocator.numDirectArenas: 16
419 [main] DEBUG io.netty.buffer.PooledByteBufAllocator  - -Dio.netty.allocator.pageSize: 8192
419 [main] DEBUG io.netty.buffer.PooledByteBufAllocator  - -Dio.netty.allocator.maxOrder: 11
419 [main] DEBUG io.netty.buffer.PooledByteBufAllocator  - -Dio.netty.allocator.chunkSize: 16777216
419 [main] DEBUG io.netty.buffer.PooledByteBufAllocator  - -Dio.netty.allocator.smallCacheSize: 256
419 [main] DEBUG io.netty.buffer.PooledByteBufAllocator  - -Dio.netty.allocator.normalCacheSize: 64
419 [main] DEBUG io.netty.buffer.PooledByteBufAllocator  - -Dio.netty.allocator.maxCachedBufferCapacity: 32768
419 [main] DEBUG io.netty.buffer.PooledByteBufAllocator  - -Dio.netty.allocator.cacheTrimInterval: 8192
419 [main] DEBUG io.netty.buffer.PooledByteBufAllocator  - -Dio.netty.allocator.cacheTrimIntervalMillis: 0
419 [main] DEBUG io.netty.buffer.PooledByteBufAllocator  - -Dio.netty.allocator.useCacheForAllThreads: true
419 [main] DEBUG io.netty.buffer.PooledByteBufAllocator  - -Dio.netty.allocator.maxCachedByteBuffersPerChunk: 1023
425 [main] DEBUG io.netty.buffer.ByteBufUtil  - -Dio.netty.allocator.type: pooled
425 [main] DEBUG io.netty.buffer.ByteBufUtil  - -Dio.netty.threadLocalDirectBufferSize: 0
425 [main] DEBUG io.netty.buffer.ByteBufUtil  - -Dio.netty.maxThreadLocalCharBufferSize: 16384
806 [Forwarding newSession on session null to remote] DEBUG io.netty.channel.DefaultChannelId  - -Dio.netty.processId: 12608 (auto-detected)
807 [Forwarding newSession on session null to remote] DEBUG io.netty.util.NetUtil  - -Djava.net.preferIPv4Stack: false
807 [Forwarding newSession on session null to remote] DEBUG io.netty.util.NetUtil  - -Djava.net.preferIPv6Addresses: false
813 [Forwarding newSession on session null to remote] DEBUG io.netty.util.NetUtilInitializations  - Loopback interface: lo (Software Loopback Interface 1, 127.0.0.1)
814 [Forwarding newSession on session null to remote] DEBUG io.netty.util.NetUtil  - Failed to get SOMAXCONN from sysctl and file \proc\sys\net\core\somaxconn. Default: 200
831 [Forwarding newSession on session null to remote] DEBUG io.netty.channel.DefaultChannelId  - -Dio.netty.machineId: 00:ff:18:ff:fe:96:e6:e2 (auto-detected)
859 [AsyncHttpClient-1-2] DEBUG io.netty.buffer.AbstractByteBuf  - -Dio.netty.buffer.checkAccessible: true
859 [AsyncHttpClient-1-2] DEBUG io.netty.buffer.AbstractByteBuf  - -Dio.netty.buffer.checkBounds: true
859 [AsyncHttpClient-1-2] DEBUG io.netty.util.ResourceLeakDetectorFactory  - Loaded default ResourceLeakDetector: io.netty.util.ResourceLeakDetector@53576959
871 [AsyncHttpClient-1-2] DEBUG org.asynchttpclient.netty.channel.NettyConnectListener  - Using new Channel '[id: 0xcd7e5644, L:/127.0.0.1:64894 - R:localhost/127.0.0.1:57728]' for 'POST' to '/session'
877 [AsyncHttpClient-1-2] DEBUG io.netty.util.Recycler  - -Dio.netty.recycler.maxCapacityPerThread: 4096
877 [AsyncHttpClient-1-2] DEBUG io.netty.util.Recycler  - -Dio.netty.recycler.maxSharedCapacityFactor: 2
877 [AsyncHttpClient-1-2] DEBUG io.netty.util.Recycler  - -Dio.netty.recycler.linkCapacity: 16
877 [AsyncHttpClient-1-2] DEBUG io.netty.util.Recycler  - -Dio.netty.recycler.ratio: 8
877 [AsyncHttpClient-1-2] DEBUG io.netty.util.Recycler  - -Dio.netty.recycler.delayedQueue.ratio: 8
1482 [AsyncHttpClient-1-2] DEBUG io.netty.handler.codec.compression.Brotli  - brotli4j not in the classpath; Brotli support will be unavailable.
1484 [AsyncHttpClient-1-2] DEBUG org.asynchttpclient.netty.handler.HttpHandler  - 

Request DefaultHttpRequest(decodeResult: success, version: HTTP/1.1)
POST /session HTTP/1.1
User-Agent: selenium/4.0.0 (java windows)
Content-Length: 365
Content-Type: application/json; charset=utf-8
host: localhost:57728
accept: */*

Response DefaultHttpResponse(decodeResult: success, version: HTTP/1.1)
HTTP/1.1 200 OK
Content-Type: application/json; charset=utf-8
cache-control: no-cache
content-length: 785

1487 [AsyncHttpClient-1-2] DEBUG org.asynchttpclient.netty.channel.ChannelManager  - Adding key: http://localhost:57728 for channel [id: 0xcd7e5644, L:/127.0.0.1:64894 - R:localhost/127.0.0.1:57728]
1564 [AsyncHttpClient-1-3] DEBUG org.asynchttpclient.netty.channel.NettyConnectListener  - Using new Channel '[id: 0x90375814, L:/127.0.0.1:64901 - R:localhost/127.0.0.1:64895]' for 'GET' to '/json/version'
1572 [AsyncHttpClient-1-3] DEBUG org.asynchttpclient.netty.handler.HttpHandler  - 

Request DefaultFullHttpRequest(decodeResult: success, version: HTTP/1.1, content: EmptyByteBufBE)
GET /json/version HTTP/1.1
User-Agent: selenium/4.0.0 (java windows)
host: localhost:64895
accept: */*

Response DefaultHttpResponse(decodeResult: success, version: HTTP/1.1)
HTTP/1.1 200 OK
Content-Type: application/json; charset=UTF-8
content-length: 424

1572 [AsyncHttpClient-1-3] DEBUG org.asynchttpclient.netty.channel.ChannelManager  - Adding key: http://localhost:64895 for channel [id: 0x90375814, L:/127.0.0.1:64901 - R:localhost/127.0.0.1:64895]
1578 [main] DEBUG io.netty.util.internal.ThreadLocalRandom  - -Dio.netty.initialSeedUniquifier: 0x8d9e2550801bfec6
1580 [AsyncHttpClient-1-4] DEBUG org.asynchttpclient.netty.channel.NettyConnectListener  - Using new Channel '[id: 0xfb95ff56, L:/127.0.0.1:64902 - R:localhost/127.0.0.1:64895]' for 'GET' to '/devtools/browser/2a63b89c-2b43-4047-a7da-c412b4181dae'
1596 [AsyncHttpClient-1-4] DEBUG org.asynchttpclient.netty.handler.WebSocketHandler  - 

Request DefaultFullHttpRequest(decodeResult: success, version: HTTP/1.1, content: EmptyByteBufBE)
GET /devtools/browser/2a63b89c-2b43-4047-a7da-c412b4181dae HTTP/1.1
upgrade: websocket
connection: upgrade
sec-websocket-key: kg7Qq4ZdSVOTsja0sS1KQA==
sec-websocket-version: 13
origin: http://localhost:64895
host: localhost:64895
accept: */*
user-agent: AHC/2.1

Response DefaultHttpResponse(decodeResult: success, version: HTTP/1.1)
HTTP/1.1 101 WebSocket Protocol Handshake
Upgrade: WebSocket
Connection: Upgrade
Sec-WebSocket-Accept: dZfVC0l2caCfRonX1lsWiGGvFRM=

1617 [Forwarding get on session 9bc2808e42909664ed34b3c03cf5d26b to remote] DEBUG org.asynchttpclient.netty.request.NettyRequestSender  - Using pooled Channel '[id: 0xcd7e5644, L:/127.0.0.1:64894 - R:localhost/127.0.0.1:57728]' for 'POST' to 'http://localhost:57728/session/9bc2808e42909664ed34b3c03cf5d26b/url'
1617 [Forwarding get on session 9bc2808e42909664ed34b3c03cf5d26b to remote] DEBUG org.asynchttpclient.netty.request.NettyRequestSender  - Using open Channel [id: 0xcd7e5644, L:/127.0.0.1:64894 - R:localhost/127.0.0.1:57728] for POST '/session/9bc2808e42909664ed34b3c03cf5d26b/url'
2523 [AsyncHttpClient-1-1] DEBUG org.asynchttpclient.netty.channel.DefaultChannelPool  - Entry count for : http://localhost:64895 : 1
3624 [AsyncHttpClient-1-1] DEBUG org.asynchttpclient.netty.channel.DefaultChannelPool  - Entry count for : http://localhost:64895 : 1
4728 [AsyncHttpClient-1-1] DEBUG org.asynchttpclient.netty.channel.DefaultChannelPool  - Entry count for : http://localhost:64895 : 1
5827 [AsyncHttpClient-1-1] DEBUG org.asynchttpclient.netty.channel.DefaultChannelPool  - Entry count for : http://localhost:64895 : 1
6924 [AsyncHttpClient-1-1] DEBUG org.asynchttpclient.netty.channel.DefaultChannelPool  - Entry count for : http://localhost:64895 : 1
7563 [AsyncHttpClient-1-2] DEBUG org.asynchttpclient.netty.handler.HttpHandler  - 

Request DefaultHttpRequest(decodeResult: success, version: HTTP/1.1)
POST /session/9bc2808e42909664ed34b3c03cf5d26b/url HTTP/1.1
User-Agent: selenium/4.0.0 (java windows)
Content-Length: 67
Content-Type: application/json; charset=utf-8
host: localhost:57728
accept: */*

Response DefaultHttpResponse(decodeResult: success, version: HTTP/1.1)
HTTP/1.1 200 OK
Content-Type: application/json; charset=utf-8
cache-control: no-cache
content-length: 14

7563 [AsyncHttpClient-1-2] DEBUG org.asynchttpclient.netty.channel.ChannelManager  - Adding key: http://localhost:57728 for channel [id: 0xcd7e5644, L:/127.0.0.1:64894 - R:localhost/127.0.0.1:57728]
7566 [Forwarding deleteAllCookies on session 9bc2808e42909664ed34b3c03cf5d26b to remote] DEBUG org.asynchttpclient.netty.request.NettyRequestSender  - Using pooled Channel '[id: 0xcd7e5644, L:/127.0.0.1:64894 - R:localhost/127.0.0.1:57728]' for 'DELETE' to 'http://localhost:57728/session/9bc2808e42909664ed34b3c03cf5d26b/cookie'
7566 [Forwarding deleteAllCookies on session 9bc2808e42909664ed34b3c03cf5d26b to remote] DEBUG org.asynchttpclient.netty.request.NettyRequestSender  - Using open Channel [id: 0xcd7e5644, L:/127.0.0.1:64894 - R:localhost/127.0.0.1:57728] for DELETE '/session/9bc2808e42909664ed34b3c03cf5d26b/cookie'
7656 [AsyncHttpClient-1-2] DEBUG org.asynchttpclient.netty.handler.HttpHandler  - 

Request DefaultFullHttpRequest(decodeResult: success, version: HTTP/1.1, content: EmptyByteBufBE)
DELETE /session/9bc2808e42909664ed34b3c03cf5d26b/cookie HTTP/1.1
User-Agent: selenium/4.0.0 (java windows)
Content-Type: application/json; charset=utf-8
host: localhost:57728
accept: */*

Response DefaultHttpResponse(decodeResult: success, version: HTTP/1.1)
HTTP/1.1 200 OK
Content-Type: application/json; charset=utf-8
cache-control: no-cache
content-length: 14

7656 [AsyncHttpClient-1-2] DEBUG org.asynchttpclient.netty.channel.ChannelManager  - Adding key: http://localhost:57728 for channel [id: 0xcd7e5644, L:/127.0.0.1:64894 - R:localhost/127.0.0.1:57728]
7659 [Forwarding maximizeCurrentWindow on session 9bc2808e42909664ed34b3c03cf5d26b to remote] DEBUG org.asynchttpclient.netty.request.NettyRequestSender  - Using pooled Channel '[id: 0xcd7e5644, L:/127.0.0.1:64894 - R:localhost/127.0.0.1:57728]' for 'POST' to 'http://localhost:57728/session/9bc2808e42909664ed34b3c03cf5d26b/window/maximize'
7659 [Forwarding maximizeCurrentWindow on session 9bc2808e42909664ed34b3c03cf5d26b to remote] DEBUG org.asynchttpclient.netty.request.NettyRequestSender  - Using open Channel [id: 0xcd7e5644, L:/127.0.0.1:64894 - R:localhost/127.0.0.1:57728] for POST '/session/9bc2808e42909664ed34b3c03cf5d26b/window/maximize'
7792 [AsyncHttpClient-1-2] DEBUG org.asynchttpclient.netty.handler.HttpHandler  - 

Request DefaultHttpRequest(decodeResult: success, version: HTTP/1.1)
POST /session/9bc2808e42909664ed34b3c03cf5d26b/window/maximize HTTP/1.1
User-Agent: selenium/4.0.0 (java windows)
Content-Length: 3
Content-Type: application/json; charset=utf-8
host: localhost:57728
accept: */*

Response DefaultHttpResponse(decodeResult: success, version: HTTP/1.1)
HTTP/1.1 200 OK
Content-Type: application/json; charset=utf-8
cache-control: no-cache
content-length: 51

7792 [AsyncHttpClient-1-2] DEBUG org.asynchttpclient.netty.channel.ChannelManager  - Adding key: http://localhost:57728 for channel [id: 0xcd7e5644, L:/127.0.0.1:64894 - R:localhost/127.0.0.1:57728]
7804 [Forwarding setTimeout on session 9bc2808e42909664ed34b3c03cf5d26b to remote] DEBUG org.asynchttpclient.netty.request.NettyRequestSender  - Using pooled Channel '[id: 0xcd7e5644, L:/127.0.0.1:64894 - R:localhost/127.0.0.1:57728]' for 'POST' to 'http://localhost:57728/session/9bc2808e42909664ed34b3c03cf5d26b/timeouts'
7805 [Forwarding setTimeout on session 9bc2808e42909664ed34b3c03cf5d26b to remote] DEBUG org.asynchttpclient.netty.request.NettyRequestSender  - Using open Channel [id: 0xcd7e5644, L:/127.0.0.1:64894 - R:localhost/127.0.0.1:57728] for POST '/session/9bc2808e42909664ed34b3c03cf5d26b/timeouts'
7807 [AsyncHttpClient-1-2] DEBUG org.asynchttpclient.netty.handler.HttpHandler  - 

Request DefaultHttpRequest(decodeResult: success, version: HTTP/1.1)
POST /session/9bc2808e42909664ed34b3c03cf5d26b/timeouts HTTP/1.1
User-Agent: selenium/4.0.0 (java windows)
Content-Length: 23
Content-Type: application/json; charset=utf-8
host: localhost:57728
accept: */*

Response DefaultHttpResponse(decodeResult: success, version: HTTP/1.1)
HTTP/1.1 200 OK
Content-Type: application/json; charset=utf-8
cache-control: no-cache
content-length: 14

7808 [AsyncHttpClient-1-2] DEBUG org.asynchttpclient.netty.channel.ChannelManager  - Adding key: http://localhost:57728 for channel [id: 0xcd7e5644, L:/127.0.0.1:64894 - R:localhost/127.0.0.1:57728]
7811 [Forwarding setTimeout on session 9bc2808e42909664ed34b3c03cf5d26b to remote] DEBUG org.asynchttpclient.netty.request.NettyRequestSender  - Using pooled Channel '[id: 0xcd7e5644, L:/127.0.0.1:64894 - R:localhost/127.0.0.1:57728]' for 'POST' to 'http://localhost:57728/session/9bc2808e42909664ed34b3c03cf5d26b/timeouts'
7811 [Forwarding setTimeout on session 9bc2808e42909664ed34b3c03cf5d26b to remote] DEBUG org.asynchttpclient.netty.request.NettyRequestSender  - Using open Channel [id: 0xcd7e5644, L:/127.0.0.1:64894 - R:localhost/127.0.0.1:57728] for POST '/session/9bc2808e42909664ed34b3c03cf5d26b/timeouts'
7813 [AsyncHttpClient-1-2] DEBUG org.asynchttpclient.netty.handler.HttpHandler  - 

Request DefaultHttpRequest(decodeResult: success, version: HTTP/1.1)
POST /session/9bc2808e42909664ed34b3c03cf5d26b/timeouts HTTP/1.1
User-Agent: selenium/4.0.0 (java windows)
Content-Length: 23
Content-Type: application/json; charset=utf-8
host: localhost:57728
accept: */*

Response DefaultHttpResponse(decodeResult: success, version: HTTP/1.1)
HTTP/1.1 200 OK
Content-Type: application/json; charset=utf-8
cache-control: no-cache
content-length: 14

7813 [AsyncHttpClient-1-2] DEBUG org.asynchttpclient.netty.channel.ChannelManager  - Adding key: http://localhost:57728 for channel [id: 0xcd7e5644, L:/127.0.0.1:64894 - R:localhost/127.0.0.1:57728]
7814 [main] DEBUG com.toppros.base.TestBase  - exiting openBrowser()
7839 [main] DEBUG com.toppros.pages.Homepage  - entering teacher start here 
7842 [Forwarding findElement on session 9bc2808e42909664ed34b3c03cf5d26b to remote] DEBUG org.asynchttpclient.netty.request.NettyRequestSender  - Using pooled Channel '[id: 0xcd7e5644, L:/127.0.0.1:64894 - R:localhost/127.0.0.1:57728]' for 'POST' to 'http://localhost:57728/session/9bc2808e42909664ed34b3c03cf5d26b/element'
7842 [Forwarding findElement on session 9bc2808e42909664ed34b3c03cf5d26b to remote] DEBUG org.asynchttpclient.netty.request.NettyRequestSender  - Using open Channel [id: 0xcd7e5644, L:/127.0.0.1:64894 - R:localhost/127.0.0.1:57728] for POST '/session/9bc2808e42909664ed34b3c03cf5d26b/element'
7846 [AsyncHttpClient-1-2] DEBUG org.asynchttpclient.netty.handler.HttpHandler  - 

Request DefaultHttpRequest(decodeResult: success, version: HTTP/1.1)
POST /session/9bc2808e42909664ed34b3c03cf5d26b/element HTTP/1.1
User-Agent: selenium/4.0.0 (java windows)
Content-Length: 72
Content-Type: application/json; charset=utf-8
host: localhost:57728
accept: */*

Response DefaultHttpResponse(decodeResult: success, version: HTTP/1.1)
HTTP/1.1 400 Bad Request
Content-Type: application/json; charset=utf-8
cache-control: no-cache
content-length: 987

7846 [AsyncHttpClient-1-2] DEBUG org.asynchttpclient.netty.channel.ChannelManager  - Adding key: http://localhost:57728 for channel [id: 0xcd7e5644, L:/127.0.0.1:64894 - R:localhost/127.0.0.1:57728]
7856 [Forwarding findElement on session 9bc2808e42909664ed34b3c03cf5d26b to remote] DEBUG org.asynchttpclient.netty.request.NettyRequestSender  - Using pooled Channel '[id: 0xcd7e5644, L:/127.0.0.1:64894 - R:localhost/127.0.0.1:57728]' for 'POST' to 'http://localhost:57728/session/9bc2808e42909664ed34b3c03cf5d26b/element'
7856 [Forwarding findElement on session 9bc2808e42909664ed34b3c03cf5d26b to remote] DEBUG org.asynchttpclient.netty.request.NettyRequestSender  - Using open Channel [id: 0xcd7e5644, L:/127.0.0.1:64894 - R:localhost/127.0.0.1:57728] for POST '/session/9bc2808e42909664ed34b3c03cf5d26b/element'
7869 [AsyncHttpClient-1-2] DEBUG org.asynchttpclient.netty.handler.HttpHandler  - 

Request DefaultHttpRequest(decodeResult: success, version: HTTP/1.1)
POST /session/9bc2808e42909664ed34b3c03cf5d26b/element HTTP/1.1
User-Agent: selenium/4.0.0 (java windows)
Content-Length: 86
Content-Type: application/json; charset=utf-8
host: localhost:57728
accept: */*

Response DefaultHttpResponse(decodeResult: success, version: HTTP/1.1)
HTTP/1.1 200 OK
Content-Type: application/json; charset=utf-8
cache-control: no-cache
content-length: 88

7869 [AsyncHttpClient-1-2] DEBUG org.asynchttpclient.netty.channel.ChannelManager  - Adding key: http://localhost:57728 for channel [id: 0xcd7e5644, L:/127.0.0.1:64894 - R:localhost/127.0.0.1:57728]
7872 [Forwarding clickElement on session 9bc2808e42909664ed34b3c03cf5d26b to remote] DEBUG org.asynchttpclient.netty.request.NettyRequestSender  - Using pooled Channel '[id: 0xcd7e5644, L:/127.0.0.1:64894 - R:localhost/127.0.0.1:57728]' for 'POST' to 'http://localhost:57728/session/9bc2808e42909664ed34b3c03cf5d26b/element/1a55f19e-2ad2-4611-84e7-603065abc66a/click'
7872 [Forwarding clickElement on session 9bc2808e42909664ed34b3c03cf5d26b to remote] DEBUG org.asynchttpclient.netty.request.NettyRequestSender  - Using open Channel [id: 0xcd7e5644, L:/127.0.0.1:64894 - R:localhost/127.0.0.1:57728] for POST '/session/9bc2808e42909664ed34b3c03cf5d26b/element/1a55f19e-2ad2-4611-84e7-603065abc66a/click'
7964 [AsyncHttpClient-1-2] DEBUG org.asynchttpclient.netty.handler.HttpHandler  - 

Request DefaultHttpRequest(decodeResult: success, version: HTTP/1.1)
POST /session/9bc2808e42909664ed34b3c03cf5d26b/element/1a55f19e-2ad2-4611-84e7-603065abc66a/click HTTP/1.1
User-Agent: selenium/4.0.0 (java windows)
Content-Length: 50
Content-Type: application/json; charset=utf-8
host: localhost:57728
accept: */*

Response DefaultHttpResponse(decodeResult: success, version: HTTP/1.1)
HTTP/1.1 200 OK
Content-Type: application/json; charset=utf-8
cache-control: no-cache
content-length: 14

7964 [AsyncHttpClient-1-2] DEBUG org.asynchttpclient.netty.channel.ChannelManager  - Adding key: http://localhost:57728 for channel [id: 0xcd7e5644, L:/127.0.0.1:64894 - R:localhost/127.0.0.1:57728]
7965 [main] DEBUG com.toppros.pages.Homepage  - exiting teacher start here()
7977 [main] DEBUG com.toppros.pages.Homepage  - entering Login 
7984 [Forwarding findElement on session 9bc2808e42909664ed34b3c03cf5d26b to remote] DEBUG org.asynchttpclient.netty.request.NettyRequestSender  - Using pooled Channel '[id: 0xcd7e5644, L:/127.0.0.1:64894 - R:localhost/127.0.0.1:57728]' for 'POST' to 'http://localhost:57728/session/9bc2808e42909664ed34b3c03cf5d26b/element'
7984 [Forwarding findElement on session 9bc2808e42909664ed34b3c03cf5d26b to remote] DEBUG org.asynchttpclient.netty.request.NettyRequestSender  - Using open Channel [id: 0xcd7e5644, L:/127.0.0.1:64894 - R:localhost/127.0.0.1:57728] for POST '/session/9bc2808e42909664ed34b3c03cf5d26b/element'
8005 [AsyncHttpClient-1-2] DEBUG org.asynchttpclient.netty.handler.HttpHandler  - 

Request DefaultHttpRequest(decodeResult: success, version: HTTP/1.1)
POST /session/9bc2808e42909664ed34b3c03cf5d26b/element HTTP/1.1
User-Agent: selenium/4.0.0 (java windows)
Content-Length: 57
Content-Type: application/json; charset=utf-8
host: localhost:57728
accept: */*

Response DefaultHttpResponse(decodeResult: success, version: HTTP/1.1)
HTTP/1.1 200 OK
Content-Type: application/json; charset=utf-8
cache-control: no-cache
content-length: 88

8005 [AsyncHttpClient-1-2] DEBUG org.asynchttpclient.netty.channel.ChannelManager  - Adding key: http://localhost:57728 for channel [id: 0xcd7e5644, L:/127.0.0.1:64894 - R:localhost/127.0.0.1:57728]
8013 [Forwarding sendKeysToElement on session 9bc2808e42909664ed34b3c03cf5d26b to remote] DEBUG org.asynchttpclient.netty.request.NettyRequestSender  - Using pooled Channel '[id: 0xcd7e5644, L:/127.0.0.1:64894 - R:localhost/127.0.0.1:57728]' for 'POST' to 'http://localhost:57728/session/9bc2808e42909664ed34b3c03cf5d26b/element/4cfa6c18-a709-4aa0-b025-16ae4d59b4a2/value'
8013 [Forwarding sendKeysToElement on session 9bc2808e42909664ed34b3c03cf5d26b to remote] DEBUG org.asynchttpclient.netty.request.NettyRequestSender  - Using open Channel [id: 0xcd7e5644, L:/127.0.0.1:64894 - R:localhost/127.0.0.1:57728] for POST '/session/9bc2808e42909664ed34b3c03cf5d26b/element/4cfa6c18-a709-4aa0-b025-16ae4d59b4a2/value'
8024 [AsyncHttpClient-1-1] DEBUG org.asynchttpclient.netty.channel.DefaultChannelPool  - Entry count for : http://localhost:64895 : 1
8096 [AsyncHttpClient-1-2] DEBUG org.asynchttpclient.netty.handler.HttpHandler  - 

Request DefaultHttpRequest(decodeResult: success, version: HTTP/1.1)
POST /session/9bc2808e42909664ed34b3c03cf5d26b/element/4cfa6c18-a709-4aa0-b025-16ae4d59b4a2/value HTTP/1.1
User-Agent: selenium/4.0.0 (java windows)
Content-Length: 205
Content-Type: application/json; charset=utf-8
host: localhost:57728
accept: */*

Response DefaultHttpResponse(decodeResult: success, version: HTTP/1.1)
HTTP/1.1 200 OK
Content-Type: application/json; charset=utf-8
cache-control: no-cache
content-length: 14

8097 [AsyncHttpClient-1-2] DEBUG org.asynchttpclient.netty.channel.ChannelManager  - Adding key: http://localhost:57728 for channel [id: 0xcd7e5644, L:/127.0.0.1:64894 - R:localhost/127.0.0.1:57728]
8098 [Forwarding findElement on session 9bc2808e42909664ed34b3c03cf5d26b to remote] DEBUG org.asynchttpclient.netty.request.NettyRequestSender  - Using pooled Channel '[id: 0xcd7e5644, L:/127.0.0.1:64894 - R:localhost/127.0.0.1:57728]' for 'POST' to 'http://localhost:57728/session/9bc2808e42909664ed34b3c03cf5d26b/element'
8098 [Forwarding findElement on session 9bc2808e42909664ed34b3c03cf5d26b to remote] DEBUG org.asynchttpclient.netty.request.NettyRequestSender  - Using open Channel [id: 0xcd7e5644, L:/127.0.0.1:64894 - R:localhost/127.0.0.1:57728] for POST '/session/9bc2808e42909664ed34b3c03cf5d26b/element'
8107 [AsyncHttpClient-1-2] DEBUG org.asynchttpclient.netty.handler.HttpHandler  - 

Request DefaultHttpRequest(decodeResult: success, version: HTTP/1.1)
POST /session/9bc2808e42909664ed34b3c03cf5d26b/element HTTP/1.1
User-Agent: selenium/4.0.0 (java windows)
Content-Length: 150
Content-Type: application/json; charset=utf-8
host: localhost:57728
accept: */*

Response DefaultHttpResponse(decodeResult: success, version: HTTP/1.1)
HTTP/1.1 200 OK
Content-Type: application/json; charset=utf-8
cache-control: no-cache
content-length: 88

8108 [AsyncHttpClient-1-2] DEBUG org.asynchttpclient.netty.channel.ChannelManager  - Adding key: http://localhost:57728 for channel [id: 0xcd7e5644, L:/127.0.0.1:64894 - R:localhost/127.0.0.1:57728]
8110 [Forwarding clickElement on session 9bc2808e42909664ed34b3c03cf5d26b to remote] DEBUG org.asynchttpclient.netty.request.NettyRequestSender  - Using pooled Channel '[id: 0xcd7e5644, L:/127.0.0.1:64894 - R:localhost/127.0.0.1:57728]' for 'POST' to 'http://localhost:57728/session/9bc2808e42909664ed34b3c03cf5d26b/element/9d3bfc1a-5987-49b0-a38c-8bd1cc8b6ec9/click'
8111 [Forwarding clickElement on session 9bc2808e42909664ed34b3c03cf5d26b to remote] DEBUG org.asynchttpclient.netty.request.NettyRequestSender  - Using open Channel [id: 0xcd7e5644, L:/127.0.0.1:64894 - R:localhost/127.0.0.1:57728] for POST '/session/9bc2808e42909664ed34b3c03cf5d26b/element/9d3bfc1a-5987-49b0-a38c-8bd1cc8b6ec9/click'
8151 [AsyncHttpClient-1-2] DEBUG org.asynchttpclient.netty.handler.HttpHandler  - 

Request DefaultHttpRequest(decodeResult: success, version: HTTP/1.1)
POST /session/9bc2808e42909664ed34b3c03cf5d26b/element/9d3bfc1a-5987-49b0-a38c-8bd1cc8b6ec9/click HTTP/1.1
User-Agent: selenium/4.0.0 (java windows)
Content-Length: 50
Content-Type: application/json; charset=utf-8
host: localhost:57728
accept: */*

Response DefaultHttpResponse(decodeResult: success, version: HTTP/1.1)
HTTP/1.1 200 OK
Content-Type: application/json; charset=utf-8
cache-control: no-cache
content-length: 14

8151 [AsyncHttpClient-1-2] DEBUG org.asynchttpclient.netty.channel.ChannelManager  - Adding key: http://localhost:57728 for channel [id: 0xcd7e5644, L:/127.0.0.1:64894 - R:localhost/127.0.0.1:57728]
8152 [main] DEBUG com.toppros.pages.Homepage  - exiting Login()
8153 [Forwarding findElement on session 9bc2808e42909664ed34b3c03cf5d26b to remote] DEBUG org.asynchttpclient.netty.request.NettyRequestSender  - Using pooled Channel '[id: 0xcd7e5644, L:/127.0.0.1:64894 - R:localhost/127.0.0.1:57728]' for 'POST' to 'http://localhost:57728/session/9bc2808e42909664ed34b3c03cf5d26b/element'
8153 [Forwarding findElement on session 9bc2808e42909664ed34b3c03cf5d26b to remote] DEBUG org.asynchttpclient.netty.request.NettyRequestSender  - Using open Channel [id: 0xcd7e5644, L:/127.0.0.1:64894 - R:localhost/127.0.0.1:57728] for POST '/session/9bc2808e42909664ed34b3c03cf5d26b/element'
8305 [AsyncHttpClient-1-2] DEBUG org.asynchttpclient.netty.handler.HttpHandler  - 

Request DefaultHttpRequest(decodeResult: success, version: HTTP/1.1)
POST /session/9bc2808e42909664ed34b3c03cf5d26b/element HTTP/1.1
User-Agent: selenium/4.0.0 (java windows)
Content-Length: 185
Content-Type: application/json; charset=utf-8
host: localhost:57728
accept: */*

Response DefaultHttpResponse(decodeResult: success, version: HTTP/1.1)
HTTP/1.1 200 OK
Content-Type: application/json; charset=utf-8
cache-control: no-cache
content-length: 88

8306 [AsyncHttpClient-1-2] DEBUG org.asynchttpclient.netty.channel.ChannelManager  - Adding key: http://localhost:57728 for channel [id: 0xcd7e5644, L:/127.0.0.1:64894 - R:localhost/127.0.0.1:57728]
8313 [Forwarding sendKeysToElement on session 9bc2808e42909664ed34b3c03cf5d26b to remote] DEBUG org.asynchttpclient.netty.request.NettyRequestSender  - Using pooled Channel '[id: 0xcd7e5644, L:/127.0.0.1:64894 - R:localhost/127.0.0.1:57728]' for 'POST' to 'http://localhost:57728/session/9bc2808e42909664ed34b3c03cf5d26b/element/614ccf42-56b9-4539-90b9-92fe834ca62c/value'
8313 [Forwarding sendKeysToElement on session 9bc2808e42909664ed34b3c03cf5d26b to remote] DEBUG org.asynchttpclient.netty.request.NettyRequestSender  - Using open Channel [id: 0xcd7e5644, L:/127.0.0.1:64894 - R:localhost/127.0.0.1:57728] for POST '/session/9bc2808e42909664ed34b3c03cf5d26b/element/614ccf42-56b9-4539-90b9-92fe834ca62c/value'
8367 [AsyncHttpClient-1-2] DEBUG org.asynchttpclient.netty.handler.HttpHandler  - 

Request DefaultHttpRequest(decodeResult: success, version: HTTP/1.1)
POST /session/9bc2808e42909664ed34b3c03cf5d26b/element/614ccf42-56b9-4539-90b9-92fe834ca62c/value HTTP/1.1
User-Agent: selenium/4.0.0 (java windows)
Content-Length: 225
Content-Type: application/json; charset=utf-8
host: localhost:57728
accept: */*

Response DefaultHttpResponse(decodeResult: success, version: HTTP/1.1)
HTTP/1.1 200 OK
Content-Type: application/json; charset=utf-8
cache-control: no-cache
content-length: 14

8367 [AsyncHttpClient-1-2] DEBUG org.asynchttpclient.netty.channel.ChannelManager  - Adding key: http://localhost:57728 for channel [id: 0xcd7e5644, L:/127.0.0.1:64894 - R:localhost/127.0.0.1:57728]
8369 [Forwarding findElement on session 9bc2808e42909664ed34b3c03cf5d26b to remote] DEBUG org.asynchttpclient.netty.request.NettyRequestSender  - Using pooled Channel '[id: 0xcd7e5644, L:/127.0.0.1:64894 - R:localhost/127.0.0.1:57728]' for 'POST' to 'http://localhost:57728/session/9bc2808e42909664ed34b3c03cf5d26b/element'
8369 [Forwarding findElement on session 9bc2808e42909664ed34b3c03cf5d26b to remote] DEBUG org.asynchttpclient.netty.request.NettyRequestSender  - Using open Channel [id: 0xcd7e5644, L:/127.0.0.1:64894 - R:localhost/127.0.0.1:57728] for POST '/session/9bc2808e42909664ed34b3c03cf5d26b/element'
8379 [AsyncHttpClient-1-2] DEBUG org.asynchttpclient.netty.handler.HttpHandler  - 

Request DefaultHttpRequest(decodeResult: success, version: HTTP/1.1)
POST /session/9bc2808e42909664ed34b3c03cf5d26b/element HTTP/1.1
User-Agent: selenium/4.0.0 (java windows)
Content-Length: 162
Content-Type: application/json; charset=utf-8
host: localhost:57728
accept: */*

Response DefaultHttpResponse(decodeResult: success, version: HTTP/1.1)
HTTP/1.1 200 OK
Content-Type: application/json; charset=utf-8
cache-control: no-cache
content-length: 88

8379 [AsyncHttpClient-1-2] DEBUG org.asynchttpclient.netty.channel.ChannelManager  - Adding key: http://localhost:57728 for channel [id: 0xcd7e5644, L:/127.0.0.1:64894 - R:localhost/127.0.0.1:57728]
8380 [Forwarding clickElement on session 9bc2808e42909664ed34b3c03cf5d26b to remote] DEBUG org.asynchttpclient.netty.request.NettyRequestSender  - Using pooled Channel '[id: 0xcd7e5644, L:/127.0.0.1:64894 - R:localhost/127.0.0.1:57728]' for 'POST' to 'http://localhost:57728/session/9bc2808e42909664ed34b3c03cf5d26b/element/c806f982-1811-4ee3-8e0f-d352afaf4f81/click'
8380 [Forwarding clickElement on session 9bc2808e42909664ed34b3c03cf5d26b to remote] DEBUG org.asynchttpclient.netty.request.NettyRequestSender  - Using open Channel [id: 0xcd7e5644, L:/127.0.0.1:64894 - R:localhost/127.0.0.1:57728] for POST '/session/9bc2808e42909664ed34b3c03cf5d26b/element/c806f982-1811-4ee3-8e0f-d352afaf4f81/click'
8418 [AsyncHttpClient-1-2] DEBUG org.asynchttpclient.netty.handler.HttpHandler  - 

Request DefaultHttpRequest(decodeResult: success, version: HTTP/1.1)
POST /session/9bc2808e42909664ed34b3c03cf5d26b/element/c806f982-1811-4ee3-8e0f-d352afaf4f81/click HTTP/1.1
User-Agent: selenium/4.0.0 (java windows)
Content-Length: 50
Content-Type: application/json; charset=utf-8
host: localhost:57728
accept: */*

Response DefaultHttpResponse(decodeResult: success, version: HTTP/1.1)
HTTP/1.1 200 OK
Content-Type: application/json; charset=utf-8
cache-control: no-cache
content-length: 14

8418 [AsyncHttpClient-1-2] DEBUG org.asynchttpclient.netty.channel.ChannelManager  - Adding key: http://localhost:57728 for channel [id: 0xcd7e5644, L:/127.0.0.1:64894 - R:localhost/127.0.0.1:57728]
9122 [AsyncHttpClient-1-1] DEBUG org.asynchttpclient.netty.channel.DefaultChannelPool  - Entry count for : http://localhost:57728 : 1
9122 [AsyncHttpClient-1-1] DEBUG org.asynchttpclient.netty.channel.DefaultChannelPool  - Entry count for : http://localhost:64895 : 1
10224 [AsyncHttpClient-1-1] DEBUG org.asynchttpclient.netty.channel.DefaultChannelPool  - Entry count for : http://localhost:57728 : 1
10224 [AsyncHttpClient-1-1] DEBUG org.asynchttpclient.netty.channel.DefaultChannelPool  - Entry count for : http://localhost:64895 : 1
11324 [AsyncHttpClient-1-1] DEBUG org.asynchttpclient.netty.channel.DefaultChannelPool  - Entry count for : http://localhost:57728 : 1
11324 [AsyncHttpClient-1-1] DEBUG org.asynchttpclient.netty.channel.DefaultChannelPool  - Entry count for : http://localhost:64895 : 1
12424 [AsyncHttpClient-1-1] DEBUG org.asynchttpclient.netty.channel.DefaultChannelPool  - Entry count for : http://localhost:57728 : 1
12424 [AsyncHttpClient-1-1] DEBUG org.asynchttpclient.netty.channel.DefaultChannelPool  - Entry count for : http://localhost:64895 : 1
13524 [AsyncHttpClient-1-1] DEBUG org.asynchttpclient.netty.channel.DefaultChannelPool  - Entry count for : http://localhost:57728 : 1
13524 [AsyncHttpClient-1-1] DEBUG org.asynchttpclient.netty.channel.DefaultChannelPool  - Entry count for : http://localhost:64895 : 1
14633 [AsyncHttpClient-1-1] DEBUG org.asynchttpclient.netty.channel.DefaultChannelPool  - Entry count for : http://localhost:57728 : 1
14633 [AsyncHttpClient-1-1] DEBUG org.asynchttpclient.netty.channel.DefaultChannelPool  - Entry count for : http://localhost:64895 : 1
15723 [AsyncHttpClient-1-1] DEBUG org.asynchttpclient.netty.channel.DefaultChannelPool  - Entry count for : http://localhost:57728 : 1
15723 [AsyncHttpClient-1-1] DEBUG org.asynchttpclient.netty.channel.DefaultChannelPool  - Entry count for : http://localhost:64895 : 1
16824 [AsyncHttpClient-1-1] DEBUG org.asynchttpclient.netty.channel.DefaultChannelPool  - Entry count for : http://localhost:57728 : 1
16824 [AsyncHttpClient-1-1] DEBUG org.asynchttpclient.netty.channel.DefaultChannelPool  - Entry count for : http://localhost:64895 : 1
17923 [AsyncHttpClient-1-1] DEBUG org.asynchttpclient.netty.channel.DefaultChannelPool  - Entry count for : http://localhost:57728 : 1
17923 [AsyncHttpClient-1-1] DEBUG org.asynchttpclient.netty.channel.DefaultChannelPool  - Entry count for : http://localhost:64895 : 1
]]></system-out>
    <system-err><![CDATA[log4j:WARN No appenders could be found for logger (com.toppros.base.TestBase).
log4j:WARN Please initialize the log4j system properly.
log4j:WARN See http://logging.apache.org/log4j/1.2/faq.html#noconfig for more info.
Starting ChromeDriver 96.0.4664.45 (76e4c1bb2ab4671b8beba3444e61c0f17584b2fc-refs/branch-heads/4664@{#947}) on port 57728
Only local connections are allowed.
Please see https://chromedriver.chromium.org/security-considerations for suggestions on keeping ChromeDriver safe.
ChromeDriver was started successfully.
Dec 06, 2021 12:50:39 PM org.openqa.selenium.remote.ProtocolHandshake createSession
INFO: Detected dialect: W3C
Dec 06, 2021 12:50:39 PM org.openqa.selenium.devtools.CdpVersionFinder findNearestMatch
WARNING: Unable to find an exact match for CDP version 96, so returning the closest version found: 95
Dec 06, 2021 12:50:39 PM org.openqa.selenium.devtools.CdpVersionFinder findNearestMatch
INFO: Found CDP implementation for version 96 of 95
]]></system-err>
  </testcase>
</testsuite>