<?xml version="1.0" encoding="UTF-8"?>
<testsuite xmlns:xsi="http://www.w3.org/2001/XMLSchema-instance" xsi:noNamespaceSchemaLocation="https://maven.apache.org/surefire/maven-surefire-plugin/xsd/surefire-test-report-3.0.xsd" version="3.0" name="TestSuite" time="80.316" tests="1" errors="0" skipped="0" failures="1">
  <properties>
    <property name="java.specification.version" value="17"/>
    <property name="webdriver.chrome.driver" value="C:\Users\User\.cache\selenium\chromedriver\win32\96.0.4664.45\chromedriver.exe"/>
    <property name="sun.cpu.isalist" value="amd64"/>
    <property name="sun.jnu.encoding" value="Cp1252"/>
    <property name="java.class.path" value="D:\Toppr Automation Projects\TopprSchoolOS\target\test-classes;D:\Toppr Automation Projects\TopprSchoolOS\target\classes;C:\Users\User\.m2\repository\org\apache\maven\plugins\maven-clean-plugin\3.1.0\maven-clean-plugin-3.1.0.jar;C:\Users\User\.m2\repository\org\apache\maven\maven-plugin-api\3.0\maven-plugin-api-3.0.jar;C:\Users\User\.m2\repository\org\apache\maven\maven-model\3.0\maven-model-3.0.jar;C:\Users\User\.m2\repository\org\sonatype\sisu\sisu-inject-plexus\1.4.2\sisu-inject-plexus-1.4.2.jar;C:\Users\User\.m2\repository\org\sonatype\sisu\sisu-inject-bean\1.4.2\sisu-inject-bean-1.4.2.jar;C:\Users\User\.m2\repository\org\sonatype\sisu\sisu-guice\2.1.7\sisu-guice-2.1.7-noaop.jar;C:\Users\User\.m2\repository\org\apache\maven\shared\maven-shared-utils\3.2.1\maven-shared-utils-3.2.1.jar;C:\Users\User\.m2\repository\org\seleniumhq\selenium\selenium-java\4.0.0\selenium-java-4.0.0.jar;C:\Users\User\.m2\repository\org\seleniumhq\selenium\selenium-api\4.0.0\selenium-api-4.0.0.jar;C:\Users\User\.m2\repository\org\seleniumhq\selenium\selenium-devtools-v85\4.0.0\selenium-devtools-v85-4.0.0.jar;C:\Users\User\.m2\repository\org\seleniumhq\selenium\selenium-devtools-v93\4.0.0\selenium-devtools-v93-4.0.0.jar;C:\Users\User\.m2\repository\org\seleniumhq\selenium\selenium-devtools-v94\4.0.0\selenium-devtools-v94-4.0.0.jar;C:\Users\User\.m2\repository\org\seleniumhq\selenium\selenium-devtools-v95\4.0.0\selenium-devtools-v95-4.0.0.jar;C:\Users\User\.m2\repository\org\seleniumhq\selenium\selenium-edge-driver\4.0.0\selenium-edge-driver-4.0.0.jar;C:\Users\User\.m2\repository\org\seleniumhq\selenium\selenium-firefox-driver\4.0.0\selenium-firefox-driver-4.0.0.jar;C:\Users\User\.m2\repository\org\seleniumhq\selenium\selenium-firefox-xpi-driver\4.0.0\selenium-firefox-xpi-driver-4.0.0.jar;C:\Users\User\.m2\repository\org\seleniumhq\selenium\selenium-ie-driver\4.0.0\selenium-ie-driver-4.0.0.jar;C:\Users\User\.m2\repository\org\seleniumhq\selenium\selenium-opera-driver\4.0.0\selenium-opera-driver-4.0.0.jar;C:\Users\User\.m2\repository\org\seleniumhq\selenium\selenium-remote-driver\4.0.0\selenium-remote-driver-4.0.0.jar;C:\Users\User\.m2\repository\io\netty\netty-buffer\4.1.68.Final\netty-buffer-4.1.68.Final.jar;C:\Users\User\.m2\repository\io\netty\netty-codec-http\4.1.67.Final\netty-codec-http-4.1.67.Final.jar;C:\Users\User\.m2\repository\io\netty\netty-codec\4.1.67.Final\netty-codec-4.1.67.Final.jar;C:\Users\User\.m2\repository\io\netty\netty-handler\4.1.67.Final\netty-handler-4.1.67.Final.jar;C:\Users\User\.m2\repository\io\netty\netty-common\4.1.68.Final\netty-common-4.1.68.Final.jar;C:\Users\User\.m2\repository\io\netty\netty-transport-native-epoll\4.1.67.Final\netty-transport-native-epoll-4.1.67.Final.jar;C:\Users\User\.m2\repository\io\netty\netty-transport-native-kqueue\4.1.67.Final\netty-transport-native-kqueue-4.1.67.Final.jar;C:\Users\User\.m2\repository\io\netty\netty-transport-native-unix-common\4.1.67.Final\netty-transport-native-unix-common-4.1.67.Final.jar;C:\Users\User\.m2\repository\io\netty\netty-transport\4.1.68.Final\netty-transport-4.1.68.Final.jar;C:\Users\User\.m2\repository\io\netty\netty-resolver\4.1.68.Final\netty-resolver-4.1.68.Final.jar;C:\Users\User\.m2\repository\io\opentelemetry\opentelemetry-api\1.6.0\opentelemetry-api-1.6.0.jar;C:\Users\User\.m2\repository\io\opentelemetry\opentelemetry-context\1.6.0\opentelemetry-context-1.6.0.jar;C:\Users\User\.m2\repository\io\opentelemetry\opentelemetry-exporter-logging\1.6.0\opentelemetry-exporter-logging-1.6.0.jar;C:\Users\User\.m2\repository\io\opentelemetry\opentelemetry-sdk-metrics\1.6.0-alpha\opentelemetry-sdk-metrics-1.6.0-alpha.jar;C:\Users\User\.m2\repository\io\opentelemetry\opentelemetry-sdk-common\1.6.0\opentelemetry-sdk-common-1.6.0.jar;C:\Users\User\.m2\repository\io\opentelemetry\opentelemetry-sdk-extension-autoconfigure-spi\1.6.0\opentelemetry-sdk-extension-autoconfigure-spi-1.6.0.jar;C:\Users\User\.m2\repository\io\opentelemetry\opentelemetry-sdk-extension-autoconfigure\1.6.0-alpha\opentelemetry-sdk-extension-autoconfigure-1.6.0-alpha.jar;C:\Users\User\.m2\repository\io\opentelemetry\opentelemetry-sdk-trace\1.6.0\opentelemetry-sdk-trace-1.6.0.jar;C:\Users\User\.m2\repository\io\opentelemetry\opentelemetry-api-metrics\1.6.0-alpha\opentelemetry-api-metrics-1.6.0-alpha.jar;C:\Users\User\.m2\repository\io\opentelemetry\opentelemetry-sdk\1.6.0\opentelemetry-sdk-1.6.0.jar;C:\Users\User\.m2\repository\io\opentelemetry\opentelemetry-semconv\1.6.0-alpha\opentelemetry-semconv-1.6.0-alpha.jar;C:\Users\User\.m2\repository\io\ous\jtoml\2.0.0\jtoml-2.0.0.jar;C:\Users\User\.m2\repository\net\bytebuddy\byte-buddy\1.11.19\byte-buddy-1.11.19.jar;C:\Users\User\.m2\repository\org\apache\commons\commons-exec\1.3\commons-exec-1.3.jar;C:\Users\User\.m2\repository\org\asynchttpclient\async-http-client\2.12.3\async-http-client-2.12.3.jar;C:\Users\User\.m2\repository\org\asynchttpclient\async-http-client-netty-utils\2.12.3\async-http-client-netty-utils-2.12.3.jar;C:\Users\User\.m2\repository\io\netty\netty-codec-socks\4.1.60.Final\netty-codec-socks-4.1.60.Final.jar;C:\Users\User\.m2\repository\io\netty\netty-handler-proxy\4.1.60.Final\netty-handler-proxy-4.1.60.Final.jar;C:\Users\User\.m2\repository\io\netty\netty-transport-native-epoll\4.1.60.Final\netty-transport-native-epoll-4.1.60.Final-linux-x86_64.jar;C:\Users\User\.m2\repository\io\netty\netty-transport-native-kqueue\4.1.60.Final\netty-transport-native-kqueue-4.1.60.Final-osx-x86_64.jar;C:\Users\User\.m2\repository\org\reactivestreams\reactive-streams\1.0.3\reactive-streams-1.0.3.jar;C:\Users\User\.m2\repository\com\typesafe\netty\netty-reactive-streams\2.0.4\netty-reactive-streams-2.0.4.jar;C:\Users\User\.m2\repository\com\sun\activation\jakarta.activation\1.2.2\jakarta.activation-1.2.2.jar;C:\Users\User\.m2\repository\org\seleniumhq\selenium\selenium-http\4.0.0\selenium-http-4.0.0.jar;C:\Users\User\.m2\repository\org\seleniumhq\selenium\selenium-safari-driver\4.0.0\selenium-safari-driver-4.0.0.jar;C:\Users\User\.m2\repository\org\seleniumhq\selenium\selenium-support\4.0.0\selenium-support-4.0.0.jar;C:\Users\User\.m2\repository\org\seleniumhq\selenium\selenium-chrome-driver\4.0.0\selenium-chrome-driver-4.0.0.jar;C:\Users\User\.m2\repository\com\google\auto\service\auto-service-annotations\1.0\auto-service-annotations-1.0.jar;C:\Users\User\.m2\repository\com\google\auto\service\auto-service\1.0\auto-service-1.0.jar;C:\Users\User\.m2\repository\com\google\auto\auto-common\1.0\auto-common-1.0.jar;C:\Users\User\.m2\repository\com\google\guava\guava\31.0.1-jre\guava-31.0.1-jre.jar;C:\Users\User\.m2\repository\com\google\guava\failureaccess\1.0.1\failureaccess-1.0.1.jar;C:\Users\User\.m2\repository\com\google\guava\listenablefuture\9999.0-empty-to-avoid-conflict-with-guava\listenablefuture-9999.0-empty-to-avoid-conflict-with-guava.jar;C:\Users\User\.m2\repository\com\google\code\findbugs\jsr305\3.0.2\jsr305-3.0.2.jar;C:\Users\User\.m2\repository\org\checkerframework\checker-qual\3.12.0\checker-qual-3.12.0.jar;C:\Users\User\.m2\repository\com\google\errorprone\error_prone_annotations\2.7.1\error_prone_annotations-2.7.1.jar;C:\Users\User\.m2\repository\com\google\j2objc\j2objc-annotations\1.3\j2objc-annotations-1.3.jar;C:\Users\User\.m2\repository\org\seleniumhq\selenium\selenium-chromium-driver\4.0.0\selenium-chromium-driver-4.0.0.jar;C:\Users\User\.m2\repository\org\seleniumhq\selenium\selenium-json\4.0.0\selenium-json-4.0.0.jar;C:\Users\User\.m2\repository\commons-codec\commons-codec\1.12\commons-codec-1.12.jar;C:\Users\User\.m2\repository\commons-io\commons-io\2.6\commons-io-2.6.jar;C:\Users\User\.m2\repository\org\apache\commons\commons-collections4\4.3\commons-collections4-4.3.jar;C:\Users\User\.m2\repository\io\github\bonigarcia\webdrivermanager\5.0.3\webdrivermanager-5.0.3.jar;C:\Users\User\.m2\repository\com\google\code\gson\gson\2.8.8\gson-2.8.8.jar;C:\Users\User\.m2\repository\org\jsoup\jsoup\1.14.2\jsoup-1.14.2.jar;C:\Users\User\.m2\repository\com\github\docker-java\docker-java\3.2.12\docker-java-3.2.12.jar;C:\Users\User\.m2\repository\com\github\docker-java\docker-java-core\3.2.12\docker-java-core-3.2.12.jar;C:\Users\User\.m2\repository\com\github\docker-java\docker-java-api\3.2.12\docker-java-api-3.2.12.jar;C:\Users\User\.m2\repository\com\fasterxml\jackson\core\jackson-annotations\2.10.3\jackson-annotations-2.10.3.jar;C:\Users\User\.m2\repository\commons-lang\commons-lang\2.6\commons-lang-2.6.jar;C:\Users\User\.m2\repository\com\fasterxml\jackson\core\jackson-databind\2.10.3\jackson-databind-2.10.3.jar;C:\Users\User\.m2\repository\com\fasterxml\jackson\core\jackson-core\2.10.3\jackson-core-2.10.3.jar;C:\Users\User\.m2\repository\org\bouncycastle\bcpkix-jdk15on\1.64\bcpkix-jdk15on-1.64.jar;C:\Users\User\.m2\repository\org\bouncycastle\bcprov-jdk15on\1.64\bcprov-jdk15on-1.64.jar;C:\Users\User\.m2\repository\org\slf4j\jcl-over-slf4j\1.7.30\jcl-over-slf4j-1.7.30.jar;C:\Users\User\.m2\repository\com\github\docker-java\docker-java-transport-httpclient5\3.2.12\docker-java-transport-httpclient5-3.2.12.jar;C:\Users\User\.m2\repository\com\github\docker-java\docker-java-transport\3.2.12\docker-java-transport-3.2.12.jar;C:\Users\User\.m2\repository\org\apache\httpcomponents\client5\httpclient5\5.0.3\httpclient5-5.0.3.jar;C:\Users\User\.m2\repository\org\apache\httpcomponents\core5\httpcore5\5.0.2\httpcore5-5.0.2.jar;C:\Users\User\.m2\repository\net\java\dev\jna\jna\5.8.0\jna-5.8.0.jar;C:\Users\User\.m2\repository\org\brotli\dec\0.1.2\dec-0.1.2.jar;C:\Users\User\.m2\repository\commons-logging\commons-logging\1.2\commons-logging-1.2.jar;C:\Users\User\.m2\repository\org\apache\poi\poi\4.1.0\poi-4.1.0.jar;C:\Users\User\.m2\repository\org\apache\commons\commons-math3\3.6.1\commons-math3-3.6.1.jar;C:\Users\User\.m2\repository\org\apache\poi\poi-examples\4.1.0\poi-examples-4.1.0.jar;C:\Users\User\.m2\repository\org\apache\poi\poi-ooxml\4.1.0\poi-ooxml-4.1.0.jar;C:\Users\User\.m2\repository\org\apache\commons\commons-compress\1.18\commons-compress-1.18.jar;C:\Users\User\.m2\repository\com\github\virtuald\curvesapi\1.06\curvesapi-1.06.jar;C:\Users\User\.m2\repository\org\apache\poi\poi-ooxml-schemas\4.1.0\poi-ooxml-schemas-4.1.0.jar;C:\Users\User\.m2\repository\org\apache\xmlbeans\xmlbeans\3.1.0\xmlbeans-3.1.0.jar;C:\Users\User\.m2\repository\org\apache\poi\poi-scratchpad\4.1.0\poi-scratchpad-4.1.0.jar;C:\Users\User\.m2\repository\org\testng\testng\6.14.3\testng-6.14.3.jar;C:\Users\User\.m2\repository\com\beust\jcommander\1.72\jcommander-1.72.jar;C:\Users\User\.m2\repository\org\apache-extras\beanshell\bsh\2.0b6\bsh-2.0b6.jar;C:\Users\User\.m2\repository\log4j\log4j\1.2.17\log4j-1.2.17.jar;C:\Users\User\.m2\repository\org\aeonbits\owner\owner\1.0.8\owner-1.0.8.jar;C:\Users\User\.m2\repository\org\apache\maven\plugins\maven-compiler-plugin\3.7.0\maven-compiler-plugin-3.7.0.jar;C:\Users\User\.m2\repository\org\apache\maven\maven-artifact\3.0\maven-artifact-3.0.jar;C:\Users\User\.m2\repository\org\codehaus\plexus\plexus-utils\2.0.4\plexus-utils-2.0.4.jar;C:\Users\User\.m2\repository\org\apache\maven\maven-core\3.0\maven-core-3.0.jar;C:\Users\User\.m2\repository\org\apache\maven\maven-settings\3.0\maven-settings-3.0.jar;C:\Users\User\.m2\repository\org\apache\maven\maven-settings-builder\3.0\maven-settings-builder-3.0.jar;C:\Users\User\.m2\repository\org\apache\maven\maven-repository-metadata\3.0\maven-repository-metadata-3.0.jar;C:\Users\User\.m2\repository\org\apache\maven\maven-model-builder\3.0\maven-model-builder-3.0.jar;C:\Users\User\.m2\repository\org\apache\maven\maven-aether-provider\3.0\maven-aether-provider-3.0.jar;C:\Users\User\.m2\repository\org\sonatype\aether\aether-impl\1.7\aether-impl-1.7.jar;C:\Users\User\.m2\repository\org\sonatype\aether\aether-spi\1.7\aether-spi-1.7.jar;C:\Users\User\.m2\repository\org\sonatype\aether\aether-api\1.7\aether-api-1.7.jar;C:\Users\User\.m2\repository\org\sonatype\aether\aether-util\1.7\aether-util-1.7.jar;C:\Users\User\.m2\repository\org\codehaus\plexus\plexus-interpolation\1.14\plexus-interpolation-1.14.jar;C:\Users\User\.m2\repository\org\codehaus\plexus\plexus-classworlds\2.2.3\plexus-classworlds-2.2.3.jar;C:\Users\User\.m2\repository\org\codehaus\plexus\plexus-component-annotations\1.5.5\plexus-component-annotations-1.5.5.jar;C:\Users\User\.m2\repository\org\sonatype\plexus\plexus-sec-dispatcher\1.3\plexus-sec-dispatcher-1.3.jar;C:\Users\User\.m2\repository\org\sonatype\plexus\plexus-cipher\1.4\plexus-cipher-1.4.jar;C:\Users\User\.m2\repository\org\apache\maven\shared\maven-shared-incremental\1.1\maven-shared-incremental-1.1.jar;C:\Users\User\.m2\repository\org\codehaus\plexus\plexus-java\0.9.2\plexus-java-0.9.2.jar;C:\Users\User\.m2\repository\org\ow2\asm\asm\6.0_BETA\asm-6.0_BETA.jar;C:\Users\User\.m2\repository\com\thoughtworks\qdox\qdox\2.0-M7\qdox-2.0-M7.jar;C:\Users\User\.m2\repository\org\codehaus\plexus\plexus-compiler-api\2.8.2\plexus-compiler-api-2.8.2.jar;C:\Users\User\.m2\repository\org\codehaus\plexus\plexus-compiler-manager\2.8.2\plexus-compiler-manager-2.8.2.jar;C:\Users\User\.m2\repository\org\codehaus\plexus\plexus-compiler-javac\2.8.2\plexus-compiler-javac-2.8.2.jar;C:\Users\User\.m2\repository\com\relevantcodes\extentreports\2.41.2\extentreports-2.41.2.jar;C:\Users\User\.m2\repository\org\xerial\sqlite-jdbc\3.8.11.1\sqlite-jdbc-3.8.11.1.jar;C:\Users\User\.m2\repository\org\freemarker\freemarker\2.3.23\freemarker-2.3.23.jar;C:\Users\User\.m2\repository\org\mongodb\mongodb-driver\3.0.4\mongodb-driver-3.0.4.jar;C:\Users\User\.m2\repository\org\mongodb\bson\3.0.4\bson-3.0.4.jar;C:\Users\User\.m2\repository\org\mongodb\mongodb-driver-core\3.0.4\mongodb-driver-core-3.0.4.jar;C:\Users\User\.m2\repository\org\slf4j\slf4j-api\1.7.13\slf4j-api-1.7.13.jar;C:\Users\User\.m2\repository\com\googlecode\json-simple\json-simple\1.1.1\json-simple-1.1.1.jar;C:\Users\User\.m2\repository\junit\junit\4.10\junit-4.10.jar;C:\Users\User\.m2\repository\org\hamcrest\hamcrest-core\1.1\hamcrest-core-1.1.jar;C:\Users\User\.m2\repository\org\hamcrest\hamcrest-all\1.3\hamcrest-all-1.3.jar;C:\Users\User\.m2\repository\org\apache\httpcomponents\httpmime\4.3.1\httpmime-4.3.1.jar;C:\Users\User\.m2\repository\org\apache\httpcomponents\httpclient\4.3.1\httpclient-4.3.1.jar;C:\Users\User\.m2\repository\org\apache\httpcomponents\httpcore\4.3\httpcore-4.3.jar;C:\Users\User\.m2\repository\org\slf4j\slf4j-log4j12\1.7.13\slf4j-log4j12-1.7.13.jar;"/>
    <property name="java.vm.vendor" value="Eclipse Adoptium"/>
    <property name="sun.arch.data.model" value="64"/>
    <property name="user.variant" value=""/>
    <property name="java.vendor.url" value="https://adoptium.net/"/>
    <property name="user.timezone" value="Asia/Calcutta"/>
    <property name="os.name" value="Windows 10"/>
    <property name="java.vm.specification.version" value="17"/>
    <property name="sun.java.launcher" value="SUN_STANDARD"/>
    <property name="user.country" value="US"/>
    <property name="sun.boot.library.path" value="C:\Users\User\.p2\pool\plugins\org.eclipse.justj.openjdk.hotspot.jre.full.win32.x86_64_17.0.0.v20211012-1059\jre\bin"/>
    <property name="sun.java.command" value="C:\Users\User\AppData\Local\Temp\surefire10802130797448794636\surefirebooter5162375663125910232.jar C:\Users\User\AppData\Local\Temp\surefire10802130797448794636 2021-12-13T13-37-24_314-jvmRun1 surefire14644472687593106854tmp surefire_015646502739846552179tmp"/>
    <property name="jdk.debug" value="release"/>
    <property name="surefire.test.class.path" value="D:\Toppr Automation Projects\TopprSchoolOS\target\test-classes;D:\Toppr Automation Projects\TopprSchoolOS\target\classes;C:\Users\User\.m2\repository\org\apache\maven\plugins\maven-clean-plugin\3.1.0\maven-clean-plugin-3.1.0.jar;C:\Users\User\.m2\repository\org\apache\maven\maven-plugin-api\3.0\maven-plugin-api-3.0.jar;C:\Users\User\.m2\repository\org\apache\maven\maven-model\3.0\maven-model-3.0.jar;C:\Users\User\.m2\repository\org\sonatype\sisu\sisu-inject-plexus\1.4.2\sisu-inject-plexus-1.4.2.jar;C:\Users\User\.m2\repository\org\sonatype\sisu\sisu-inject-bean\1.4.2\sisu-inject-bean-1.4.2.jar;C:\Users\User\.m2\repository\org\sonatype\sisu\sisu-guice\2.1.7\sisu-guice-2.1.7-noaop.jar;C:\Users\User\.m2\repository\org\apache\maven\shared\maven-shared-utils\3.2.1\maven-shared-utils-3.2.1.jar;C:\Users\User\.m2\repository\org\seleniumhq\selenium\selenium-java\4.0.0\selenium-java-4.0.0.jar;C:\Users\User\.m2\repository\org\seleniumhq\selenium\selenium-api\4.0.0\selenium-api-4.0.0.jar;C:\Users\User\.m2\repository\org\seleniumhq\selenium\selenium-devtools-v85\4.0.0\selenium-devtools-v85-4.0.0.jar;C:\Users\User\.m2\repository\org\seleniumhq\selenium\selenium-devtools-v93\4.0.0\selenium-devtools-v93-4.0.0.jar;C:\Users\User\.m2\repository\org\seleniumhq\selenium\selenium-devtools-v94\4.0.0\selenium-devtools-v94-4.0.0.jar;C:\Users\User\.m2\repository\org\seleniumhq\selenium\selenium-devtools-v95\4.0.0\selenium-devtools-v95-4.0.0.jar;C:\Users\User\.m2\repository\org\seleniumhq\selenium\selenium-edge-driver\4.0.0\selenium-edge-driver-4.0.0.jar;C:\Users\User\.m2\repository\org\seleniumhq\selenium\selenium-firefox-driver\4.0.0\selenium-firefox-driver-4.0.0.jar;C:\Users\User\.m2\repository\org\seleniumhq\selenium\selenium-firefox-xpi-driver\4.0.0\selenium-firefox-xpi-driver-4.0.0.jar;C:\Users\User\.m2\repository\org\seleniumhq\selenium\selenium-ie-driver\4.0.0\selenium-ie-driver-4.0.0.jar;C:\Users\User\.m2\repository\org\seleniumhq\selenium\selenium-opera-driver\4.0.0\selenium-opera-driver-4.0.0.jar;C:\Users\User\.m2\repository\org\seleniumhq\selenium\selenium-remote-driver\4.0.0\selenium-remote-driver-4.0.0.jar;C:\Users\User\.m2\repository\io\netty\netty-buffer\4.1.68.Final\netty-buffer-4.1.68.Final.jar;C:\Users\User\.m2\repository\io\netty\netty-codec-http\4.1.67.Final\netty-codec-http-4.1.67.Final.jar;C:\Users\User\.m2\repository\io\netty\netty-codec\4.1.67.Final\netty-codec-4.1.67.Final.jar;C:\Users\User\.m2\repository\io\netty\netty-handler\4.1.67.Final\netty-handler-4.1.67.Final.jar;C:\Users\User\.m2\repository\io\netty\netty-common\4.1.68.Final\netty-common-4.1.68.Final.jar;C:\Users\User\.m2\repository\io\netty\netty-transport-native-epoll\4.1.67.Final\netty-transport-native-epoll-4.1.67.Final.jar;C:\Users\User\.m2\repository\io\netty\netty-transport-native-kqueue\4.1.67.Final\netty-transport-native-kqueue-4.1.67.Final.jar;C:\Users\User\.m2\repository\io\netty\netty-transport-native-unix-common\4.1.67.Final\netty-transport-native-unix-common-4.1.67.Final.jar;C:\Users\User\.m2\repository\io\netty\netty-transport\4.1.68.Final\netty-transport-4.1.68.Final.jar;C:\Users\User\.m2\repository\io\netty\netty-resolver\4.1.68.Final\netty-resolver-4.1.68.Final.jar;C:\Users\User\.m2\repository\io\opentelemetry\opentelemetry-api\1.6.0\opentelemetry-api-1.6.0.jar;C:\Users\User\.m2\repository\io\opentelemetry\opentelemetry-context\1.6.0\opentelemetry-context-1.6.0.jar;C:\Users\User\.m2\repository\io\opentelemetry\opentelemetry-exporter-logging\1.6.0\opentelemetry-exporter-logging-1.6.0.jar;C:\Users\User\.m2\repository\io\opentelemetry\opentelemetry-sdk-metrics\1.6.0-alpha\opentelemetry-sdk-metrics-1.6.0-alpha.jar;C:\Users\User\.m2\repository\io\opentelemetry\opentelemetry-sdk-common\1.6.0\opentelemetry-sdk-common-1.6.0.jar;C:\Users\User\.m2\repository\io\opentelemetry\opentelemetry-sdk-extension-autoconfigure-spi\1.6.0\opentelemetry-sdk-extension-autoconfigure-spi-1.6.0.jar;C:\Users\User\.m2\repository\io\opentelemetry\opentelemetry-sdk-extension-autoconfigure\1.6.0-alpha\opentelemetry-sdk-extension-autoconfigure-1.6.0-alpha.jar;C:\Users\User\.m2\repository\io\opentelemetry\opentelemetry-sdk-trace\1.6.0\opentelemetry-sdk-trace-1.6.0.jar;C:\Users\User\.m2\repository\io\opentelemetry\opentelemetry-api-metrics\1.6.0-alpha\opentelemetry-api-metrics-1.6.0-alpha.jar;C:\Users\User\.m2\repository\io\opentelemetry\opentelemetry-sdk\1.6.0\opentelemetry-sdk-1.6.0.jar;C:\Users\User\.m2\repository\io\opentelemetry\opentelemetry-semconv\1.6.0-alpha\opentelemetry-semconv-1.6.0-alpha.jar;C:\Users\User\.m2\repository\io\ous\jtoml\2.0.0\jtoml-2.0.0.jar;C:\Users\User\.m2\repository\net\bytebuddy\byte-buddy\1.11.19\byte-buddy-1.11.19.jar;C:\Users\User\.m2\repository\org\apache\commons\commons-exec\1.3\commons-exec-1.3.jar;C:\Users\User\.m2\repository\org\asynchttpclient\async-http-client\2.12.3\async-http-client-2.12.3.jar;C:\Users\User\.m2\repository\org\asynchttpclient\async-http-client-netty-utils\2.12.3\async-http-client-netty-utils-2.12.3.jar;C:\Users\User\.m2\repository\io\netty\netty-codec-socks\4.1.60.Final\netty-codec-socks-4.1.60.Final.jar;C:\Users\User\.m2\repository\io\netty\netty-handler-proxy\4.1.60.Final\netty-handler-proxy-4.1.60.Final.jar;C:\Users\User\.m2\repository\io\netty\netty-transport-native-epoll\4.1.60.Final\netty-transport-native-epoll-4.1.60.Final-linux-x86_64.jar;C:\Users\User\.m2\repository\io\netty\netty-transport-native-kqueue\4.1.60.Final\netty-transport-native-kqueue-4.1.60.Final-osx-x86_64.jar;C:\Users\User\.m2\repository\org\reactivestreams\reactive-streams\1.0.3\reactive-streams-1.0.3.jar;C:\Users\User\.m2\repository\com\typesafe\netty\netty-reactive-streams\2.0.4\netty-reactive-streams-2.0.4.jar;C:\Users\User\.m2\repository\com\sun\activation\jakarta.activation\1.2.2\jakarta.activation-1.2.2.jar;C:\Users\User\.m2\repository\org\seleniumhq\selenium\selenium-http\4.0.0\selenium-http-4.0.0.jar;C:\Users\User\.m2\repository\org\seleniumhq\selenium\selenium-safari-driver\4.0.0\selenium-safari-driver-4.0.0.jar;C:\Users\User\.m2\repository\org\seleniumhq\selenium\selenium-support\4.0.0\selenium-support-4.0.0.jar;C:\Users\User\.m2\repository\org\seleniumhq\selenium\selenium-chrome-driver\4.0.0\selenium-chrome-driver-4.0.0.jar;C:\Users\User\.m2\repository\com\google\auto\service\auto-service-annotations\1.0\auto-service-annotations-1.0.jar;C:\Users\User\.m2\repository\com\google\auto\service\auto-service\1.0\auto-service-1.0.jar;C:\Users\User\.m2\repository\com\google\auto\auto-common\1.0\auto-common-1.0.jar;C:\Users\User\.m2\repository\com\google\guava\guava\31.0.1-jre\guava-31.0.1-jre.jar;C:\Users\User\.m2\repository\com\google\guava\failureaccess\1.0.1\failureaccess-1.0.1.jar;C:\Users\User\.m2\repository\com\google\guava\listenablefuture\9999.0-empty-to-avoid-conflict-with-guava\listenablefuture-9999.0-empty-to-avoid-conflict-with-guava.jar;C:\Users\User\.m2\repository\com\google\code\findbugs\jsr305\3.0.2\jsr305-3.0.2.jar;C:\Users\User\.m2\repository\org\checkerframework\checker-qual\3.12.0\checker-qual-3.12.0.jar;C:\Users\User\.m2\repository\com\google\errorprone\error_prone_annotations\2.7.1\error_prone_annotations-2.7.1.jar;C:\Users\User\.m2\repository\com\google\j2objc\j2objc-annotations\1.3\j2objc-annotations-1.3.jar;C:\Users\User\.m2\repository\org\seleniumhq\selenium\selenium-chromium-driver\4.0.0\selenium-chromium-driver-4.0.0.jar;C:\Users\User\.m2\repository\org\seleniumhq\selenium\selenium-json\4.0.0\selenium-json-4.0.0.jar;C:\Users\User\.m2\repository\commons-codec\commons-codec\1.12\commons-codec-1.12.jar;C:\Users\User\.m2\repository\commons-io\commons-io\2.6\commons-io-2.6.jar;C:\Users\User\.m2\repository\org\apache\commons\commons-collections4\4.3\commons-collections4-4.3.jar;C:\Users\User\.m2\repository\io\github\bonigarcia\webdrivermanager\5.0.3\webdrivermanager-5.0.3.jar;C:\Users\User\.m2\repository\com\google\code\gson\gson\2.8.8\gson-2.8.8.jar;C:\Users\User\.m2\repository\org\jsoup\jsoup\1.14.2\jsoup-1.14.2.jar;C:\Users\User\.m2\repository\com\github\docker-java\docker-java\3.2.12\docker-java-3.2.12.jar;C:\Users\User\.m2\repository\com\github\docker-java\docker-java-core\3.2.12\docker-java-core-3.2.12.jar;C:\Users\User\.m2\repository\com\github\docker-java\docker-java-api\3.2.12\docker-java-api-3.2.12.jar;C:\Users\User\.m2\repository\com\fasterxml\jackson\core\jackson-annotations\2.10.3\jackson-annotations-2.10.3.jar;C:\Users\User\.m2\repository\commons-lang\commons-lang\2.6\commons-lang-2.6.jar;C:\Users\User\.m2\repository\com\fasterxml\jackson\core\jackson-databind\2.10.3\jackson-databind-2.10.3.jar;C:\Users\User\.m2\repository\com\fasterxml\jackson\core\jackson-core\2.10.3\jackson-core-2.10.3.jar;C:\Users\User\.m2\repository\org\bouncycastle\bcpkix-jdk15on\1.64\bcpkix-jdk15on-1.64.jar;C:\Users\User\.m2\repository\org\bouncycastle\bcprov-jdk15on\1.64\bcprov-jdk15on-1.64.jar;C:\Users\User\.m2\repository\org\slf4j\jcl-over-slf4j\1.7.30\jcl-over-slf4j-1.7.30.jar;C:\Users\User\.m2\repository\com\github\docker-java\docker-java-transport-httpclient5\3.2.12\docker-java-transport-httpclient5-3.2.12.jar;C:\Users\User\.m2\repository\com\github\docker-java\docker-java-transport\3.2.12\docker-java-transport-3.2.12.jar;C:\Users\User\.m2\repository\org\apache\httpcomponents\client5\httpclient5\5.0.3\httpclient5-5.0.3.jar;C:\Users\User\.m2\repository\org\apache\httpcomponents\core5\httpcore5\5.0.2\httpcore5-5.0.2.jar;C:\Users\User\.m2\repository\net\java\dev\jna\jna\5.8.0\jna-5.8.0.jar;C:\Users\User\.m2\repository\org\brotli\dec\0.1.2\dec-0.1.2.jar;C:\Users\User\.m2\repository\commons-logging\commons-logging\1.2\commons-logging-1.2.jar;C:\Users\User\.m2\repository\org\apache\poi\poi\4.1.0\poi-4.1.0.jar;C:\Users\User\.m2\repository\org\apache\commons\commons-math3\3.6.1\commons-math3-3.6.1.jar;C:\Users\User\.m2\repository\org\apache\poi\poi-examples\4.1.0\poi-examples-4.1.0.jar;C:\Users\User\.m2\repository\org\apache\poi\poi-ooxml\4.1.0\poi-ooxml-4.1.0.jar;C:\Users\User\.m2\repository\org\apache\commons\commons-compress\1.18\commons-compress-1.18.jar;C:\Users\User\.m2\repository\com\github\virtuald\curvesapi\1.06\curvesapi-1.06.jar;C:\Users\User\.m2\repository\org\apache\poi\poi-ooxml-schemas\4.1.0\poi-ooxml-schemas-4.1.0.jar;C:\Users\User\.m2\repository\org\apache\xmlbeans\xmlbeans\3.1.0\xmlbeans-3.1.0.jar;C:\Users\User\.m2\repository\org\apache\poi\poi-scratchpad\4.1.0\poi-scratchpad-4.1.0.jar;C:\Users\User\.m2\repository\org\testng\testng\6.14.3\testng-6.14.3.jar;C:\Users\User\.m2\repository\com\beust\jcommander\1.72\jcommander-1.72.jar;C:\Users\User\.m2\repository\org\apache-extras\beanshell\bsh\2.0b6\bsh-2.0b6.jar;C:\Users\User\.m2\repository\log4j\log4j\1.2.17\log4j-1.2.17.jar;C:\Users\User\.m2\repository\org\aeonbits\owner\owner\1.0.8\owner-1.0.8.jar;C:\Users\User\.m2\repository\org\apache\maven\plugins\maven-compiler-plugin\3.7.0\maven-compiler-plugin-3.7.0.jar;C:\Users\User\.m2\repository\org\apache\maven\maven-artifact\3.0\maven-artifact-3.0.jar;C:\Users\User\.m2\repository\org\codehaus\plexus\plexus-utils\2.0.4\plexus-utils-2.0.4.jar;C:\Users\User\.m2\repository\org\apache\maven\maven-core\3.0\maven-core-3.0.jar;C:\Users\User\.m2\repository\org\apache\maven\maven-settings\3.0\maven-settings-3.0.jar;C:\Users\User\.m2\repository\org\apache\maven\maven-settings-builder\3.0\maven-settings-builder-3.0.jar;C:\Users\User\.m2\repository\org\apache\maven\maven-repository-metadata\3.0\maven-repository-metadata-3.0.jar;C:\Users\User\.m2\repository\org\apache\maven\maven-model-builder\3.0\maven-model-builder-3.0.jar;C:\Users\User\.m2\repository\org\apache\maven\maven-aether-provider\3.0\maven-aether-provider-3.0.jar;C:\Users\User\.m2\repository\org\sonatype\aether\aether-impl\1.7\aether-impl-1.7.jar;C:\Users\User\.m2\repository\org\sonatype\aether\aether-spi\1.7\aether-spi-1.7.jar;C:\Users\User\.m2\repository\org\sonatype\aether\aether-api\1.7\aether-api-1.7.jar;C:\Users\User\.m2\repository\org\sonatype\aether\aether-util\1.7\aether-util-1.7.jar;C:\Users\User\.m2\repository\org\codehaus\plexus\plexus-interpolation\1.14\plexus-interpolation-1.14.jar;C:\Users\User\.m2\repository\org\codehaus\plexus\plexus-classworlds\2.2.3\plexus-classworlds-2.2.3.jar;C:\Users\User\.m2\repository\org\codehaus\plexus\plexus-component-annotations\1.5.5\plexus-component-annotations-1.5.5.jar;C:\Users\User\.m2\repository\org\sonatype\plexus\plexus-sec-dispatcher\1.3\plexus-sec-dispatcher-1.3.jar;C:\Users\User\.m2\repository\org\sonatype\plexus\plexus-cipher\1.4\plexus-cipher-1.4.jar;C:\Users\User\.m2\repository\org\apache\maven\shared\maven-shared-incremental\1.1\maven-shared-incremental-1.1.jar;C:\Users\User\.m2\repository\org\codehaus\plexus\plexus-java\0.9.2\plexus-java-0.9.2.jar;C:\Users\User\.m2\repository\org\ow2\asm\asm\6.0_BETA\asm-6.0_BETA.jar;C:\Users\User\.m2\repository\com\thoughtworks\qdox\qdox\2.0-M7\qdox-2.0-M7.jar;C:\Users\User\.m2\repository\org\codehaus\plexus\plexus-compiler-api\2.8.2\plexus-compiler-api-2.8.2.jar;C:\Users\User\.m2\repository\org\codehaus\plexus\plexus-compiler-manager\2.8.2\plexus-compiler-manager-2.8.2.jar;C:\Users\User\.m2\repository\org\codehaus\plexus\plexus-compiler-javac\2.8.2\plexus-compiler-javac-2.8.2.jar;C:\Users\User\.m2\repository\com\relevantcodes\extentreports\2.41.2\extentreports-2.41.2.jar;C:\Users\User\.m2\repository\org\xerial\sqlite-jdbc\3.8.11.1\sqlite-jdbc-3.8.11.1.jar;C:\Users\User\.m2\repository\org\freemarker\freemarker\2.3.23\freemarker-2.3.23.jar;C:\Users\User\.m2\repository\org\mongodb\mongodb-driver\3.0.4\mongodb-driver-3.0.4.jar;C:\Users\User\.m2\repository\org\mongodb\bson\3.0.4\bson-3.0.4.jar;C:\Users\User\.m2\repository\org\mongodb\mongodb-driver-core\3.0.4\mongodb-driver-core-3.0.4.jar;C:\Users\User\.m2\repository\org\slf4j\slf4j-api\1.7.13\slf4j-api-1.7.13.jar;C:\Users\User\.m2\repository\com\googlecode\json-simple\json-simple\1.1.1\json-simple-1.1.1.jar;C:\Users\User\.m2\repository\junit\junit\4.10\junit-4.10.jar;C:\Users\User\.m2\repository\org\hamcrest\hamcrest-core\1.1\hamcrest-core-1.1.jar;C:\Users\User\.m2\repository\org\hamcrest\hamcrest-all\1.3\hamcrest-all-1.3.jar;C:\Users\User\.m2\repository\org\apache\httpcomponents\httpmime\4.3.1\httpmime-4.3.1.jar;C:\Users\User\.m2\repository\org\apache\httpcomponents\httpclient\4.3.1\httpclient-4.3.1.jar;C:\Users\User\.m2\repository\org\apache\httpcomponents\httpcore\4.3\httpcore-4.3.jar;C:\Users\User\.m2\repository\org\slf4j\slf4j-log4j12\1.7.13\slf4j-log4j12-1.7.13.jar;"/>
    <property name="sun.cpu.endian" value="little"/>
    <property name="user.home" value="C:\Users\User"/>
    <property name="user.language" value="en"/>
    <property name="java.specification.vendor" value="Oracle Corporation"/>
    <property name="java.version.date" value="2021-09-14"/>
    <property name="java.home" value="C:\Users\User\.p2\pool\plugins\org.eclipse.justj.openjdk.hotspot.jre.full.win32.x86_64_17.0.0.v20211012-1059\jre"/>
    <property name="file.separator" value="\"/>
    <property name="basedir" value="D:\Toppr Automation Projects\TopprSchoolOS"/>
    <property name="java.vm.compressedOopsMode" value="32-bit"/>
    <property name="line.separator" value="&#10;"/>
    <property name="java.vm.specification.vendor" value="Oracle Corporation"/>
    <property name="java.specification.name" value="Java Platform API Specification"/>
    <property name="surefire.real.class.path" value="C:\Users\User\AppData\Local\Temp\surefire10802130797448794636\surefirebooter5162375663125910232.jar"/>
    <property name="user.script" value=""/>
    <property name="sun.management.compiler" value="HotSpot 64-Bit Tiered Compilers"/>
    <property name="java.runtime.version" value="17+35"/>
    <property name="user.name" value="User"/>
    <property name="path.separator" value=";"/>
    <property name="os.version" value="10.0"/>
    <property name="java.runtime.name" value="OpenJDK Runtime Environment"/>
    <property name="file.encoding" value="Cp1252"/>
    <property name="sun.nio.ch.bugLevel" value=""/>
    <property name="java.vm.name" value="OpenJDK 64-Bit Server VM"/>
    <property name="java.vendor.version" value="Temurin-17+35"/>
    <property name="localRepository" value="C:\Users\User\.m2\repository"/>
    <property name="java.vendor.url.bug" value="https://github.com/adoptium/adoptium-support/issues"/>
    <property name="java.io.tmpdir" value="C:\Users\User\AppData\Local\Temp\"/>
    <property name="java.version" value="17"/>
    <property name="user.dir" value="D:\Toppr Automation Projects\TopprSchoolOS"/>
    <property name="os.arch" value="amd64"/>
    <property name="java.vm.specification.name" value="Java Virtual Machine Specification"/>
    <property name="sun.os.patch.level" value=""/>
    <property name="native.encoding" value="Cp1252"/>
    <property name="java.library.path" value="C:\Users\User\.p2\pool\plugins\org.eclipse.justj.openjdk.hotspot.jre.full.win32.x86_64_17.0.0.v20211012-1059\jre\bin;C:\Windows\Sun\Java\bin;C:\Windows\system32;C:\Windows;C:/Users/User/.p2/pool/plugins/org.eclipse.justj.openjdk.hotspot.jre.full.win32.x86_64_17.0.0.v20211012-1059/jre/bin/server;C:/Users/User/.p2/pool/plugins/org.eclipse.justj.openjdk.hotspot.jre.full.win32.x86_64_17.0.0.v20211012-1059/jre/bin;C:\Windows\system32;C:\Windows;C:\Windows\System32\Wbem;C:\Windows\System32\WindowsPowerShell\v1.0\;C:\Windows\System32\OpenSSH\;C:\Program Files\Git\cmd;C:\Users\User\AppData\Local\Microsoft\WindowsApps;;C:\Windows\system32;;."/>
    <property name="java.vm.info" value="mixed mode"/>
    <property name="java.vendor" value="Eclipse Adoptium"/>
    <property name="java.vm.version" value="17+35"/>
    <property name="sun.io.unicode.encoding" value="UnicodeLittle"/>
    <property name="java.class.version" value="61.0"/>
  </properties>
  <testcase name="Login" classname="com.toppr.tests.AssignmentTest" time="40.831">
    <failure message="no such element: Unable to locate element: {&quot;method&quot;:&quot;xpath&quot;,&quot;selector&quot;:&quot;/html[1]/body[1]/div[1]/section[1]/div[1]/div[1]/div[1]/div[1]/div[1]/div[1]/div[1]/div[1]/div[2]/div[7]/div[2]&quot;}&#10;  (Session info: chrome=96.0.4664.93)&#10;For documentation on this error, please visit: https://selenium.dev/exceptions/#no_such_element&#10;Build info: version: &apos;4.0.0&apos;, revision: &apos;3a21814679&apos;&#10;System info: host: &apos;DESKTOP-HQSRNSN&apos;, ip: &apos;172.20.10.9&apos;, os.name: &apos;Windows 10&apos;, os.arch: &apos;amd64&apos;, os.version: &apos;10.0&apos;, java.version: &apos;17&apos;&#10;Driver info: org.openqa.selenium.chrome.ChromeDriver&#10;Command: [b35d5eb7cd1b6698d2b2527cfefe91a0, findElement {using=xpath, value=/html[1]/body[1]/div[1]/section[1]/div[1]/div[1]/div[1]/div[1]/div[1]/div[1]/div[1]/div[1]/div[2]/div[7]/div[2]}]&#10;Capabilities {acceptInsecureCerts: false, browserName: chrome, browserVersion: 96.0.4664.93, chrome: {chromedriverVersion: 96.0.4664.45 (76e4c1bb2ab46..., userDataDir: C:\Users\User\AppData\Local...}, goog:chromeOptions: {debuggerAddress: localhost:60614}, javascriptEnabled: true, networkConnectionEnabled: false, pageLoadStrategy: normal, platform: WINDOWS, platformName: WINDOWS, proxy: Proxy(), se:cdp: ws://localhost:60614/devtoo..., se:cdpVersion: 96.0.4664.93, setWindowRect: true, strictFileInteractability: false, timeouts: {implicit: 0, pageLoad: 300000, script: 30000}, unhandledPromptBehavior: dismiss and notify, webauthn:extension:credBlob: true, webauthn:extension:largeBlob: true, webauthn:virtualAuthenticators: true}&#10;Session ID: b35d5eb7cd1b6698d2b2527cfefe91a0" type="org.openqa.selenium.NoSuchElementException"><![CDATA[org.openqa.selenium.NoSuchElementException: 
no such element: Unable to locate element: {"method":"xpath","selector":"/html[1]/body[1]/div[1]/section[1]/div[1]/div[1]/div[1]/div[1]/div[1]/div[1]/div[1]/div[1]/div[2]/div[7]/div[2]"}
  (Session info: chrome=96.0.4664.93)
For documentation on this error, please visit: https://selenium.dev/exceptions/#no_such_element
Build info: version: '4.0.0', revision: '3a21814679'
System info: host: 'DESKTOP-HQSRNSN', ip: '172.20.10.9', os.name: 'Windows 10', os.arch: 'amd64', os.version: '10.0', java.version: '17'
Driver info: org.openqa.selenium.chrome.ChromeDriver
Command: [b35d5eb7cd1b6698d2b2527cfefe91a0, findElement {using=xpath, value=/html[1]/body[1]/div[1]/section[1]/div[1]/div[1]/div[1]/div[1]/div[1]/div[1]/div[1]/div[1]/div[2]/div[7]/div[2]}]
Capabilities {acceptInsecureCerts: false, browserName: chrome, browserVersion: 96.0.4664.93, chrome: {chromedriverVersion: 96.0.4664.45 (76e4c1bb2ab46..., userDataDir: C:\Users\User\AppData\Local...}, goog:chromeOptions: {debuggerAddress: localhost:60614}, javascriptEnabled: true, networkConnectionEnabled: false, pageLoadStrategy: normal, platform: WINDOWS, platformName: WINDOWS, proxy: Proxy(), se:cdp: ws://localhost:60614/devtoo..., se:cdpVersion: 96.0.4664.93, setWindowRect: true, strictFileInteractability: false, timeouts: {implicit: 0, pageLoad: 300000, script: 30000}, unhandledPromptBehavior: dismiss and notify, webauthn:extension:credBlob: true, webauthn:extension:largeBlob: true, webauthn:virtualAuthenticators: true}
Session ID: b35d5eb7cd1b6698d2b2527cfefe91a0
	at com.toppr.tests.AssignmentTest.Login(AssignmentTest.java:28)
]]></failure>
    <system-out><![CDATA[247 [main] DEBUG io.github.bonigarcia.wdm.cache.ResolutionCache  - Resolution chrome=96 in cache (valid until 13:46:58 13/12/2021 IST)
248 [main] DEBUG io.github.bonigarcia.wdm.cache.ResolutionCache  - Resolution chrome96=96.0.4664.45 in cache (valid until 10:36:35 14/12/2021 IST)
248 [main] INFO io.github.bonigarcia.wdm.WebDriverManager  - Using chromedriver 96.0.4664.45 (resolved driver for Chrome 96)
257 [main] DEBUG io.github.bonigarcia.wdm.WebDriverManager  - Driver chromedriver 96.0.4664.45 found in cache
258 [main] INFO io.github.bonigarcia.wdm.WebDriverManager  - Exporting webdriver.chrome.driver as C:\Users\User\.cache\selenium\chromedriver\win32\96.0.4664.45\chromedriver.exe
325 [main] DEBUG io.netty.util.internal.logging.InternalLoggerFactory  - Using SLF4J as the default logging framework
327 [main] DEBUG io.netty.util.ResourceLeakDetector  - -Dio.netty.leakDetection.level: simple
327 [main] DEBUG io.netty.util.ResourceLeakDetector  - -Dio.netty.leakDetection.targetRecords: 4
329 [main] DEBUG io.netty.util.ResourceLeakDetectorFactory  - Loaded default ResourceLeakDetector: io.netty.util.ResourceLeakDetector@5fb97279
338 [main] DEBUG io.netty.util.internal.PlatformDependent0  - -Dio.netty.noUnsafe: false
338 [main] DEBUG io.netty.util.internal.PlatformDependent0  - Java version: 17
340 [main] DEBUG io.netty.util.internal.PlatformDependent0  - sun.misc.Unsafe.theUnsafe: available
340 [main] DEBUG io.netty.util.internal.PlatformDependent0  - sun.misc.Unsafe.copyMemory: available
340 [main] DEBUG io.netty.util.internal.PlatformDependent0  - java.nio.Buffer.address: available
341 [main] DEBUG io.netty.util.internal.PlatformDependent0  - direct buffer constructor: unavailable: Reflective setAccessible(true) disabled
341 [main] DEBUG io.netty.util.internal.PlatformDependent0  - java.nio.Bits.unaligned: available, true
341 [main] DEBUG io.netty.util.internal.PlatformDependent0  - jdk.internal.misc.Unsafe.allocateUninitializedArray(int): unavailable: class io.netty.util.internal.PlatformDependent0$6 cannot access class jdk.internal.misc.Unsafe (in module java.base) because module java.base does not export jdk.internal.misc to unnamed module @2638011
342 [main] DEBUG io.netty.util.internal.PlatformDependent0  - java.nio.DirectByteBuffer.<init>(long, int): unavailable
342 [main] DEBUG io.netty.util.internal.PlatformDependent  - sun.misc.Unsafe: available
343 [main] DEBUG io.netty.util.internal.PlatformDependent  - maxDirectMemory: 2069889024 bytes (maybe)
343 [main] DEBUG io.netty.util.internal.PlatformDependent  - -Dio.netty.tmpdir: C:\Users\User\AppData\Local\Temp (java.io.tmpdir)
343 [main] DEBUG io.netty.util.internal.PlatformDependent  - -Dio.netty.bitMode: 64 (sun.arch.data.model)
344 [main] DEBUG io.netty.util.internal.PlatformDependent  - Platform: Windows
344 [main] DEBUG io.netty.util.internal.PlatformDependent  - -Dio.netty.maxDirectMemory: -1 bytes
344 [main] DEBUG io.netty.util.internal.PlatformDependent  - -Dio.netty.uninitializedArrayAllocationThreshold: -1
345 [main] DEBUG io.netty.util.internal.CleanerJava9  - java.nio.ByteBuffer.cleaner(): available
345 [main] DEBUG io.netty.util.internal.PlatformDependent  - -Dio.netty.noPreferDirect: false
348 [main] DEBUG io.netty.util.internal.PlatformDependent  - org.jctools-core.MpscChunkedArrayQueue: available
357 [main] DEBUG io.netty.util.internal.InternalThreadLocalMap  - -Dio.netty.threadLocalMap.stringBuilder.initialSize: 1024
357 [main] DEBUG io.netty.util.internal.InternalThreadLocalMap  - -Dio.netty.threadLocalMap.stringBuilder.maxSize: 4096
401 [main] DEBUG io.netty.handler.ssl.JdkSslContext  - Default protocols (JDK): [TLSv1.3, TLSv1.2] 
401 [main] DEBUG io.netty.handler.ssl.JdkSslContext  - Default cipher suites (JDK): [TLS_ECDHE_ECDSA_WITH_AES_256_GCM_SHA384, TLS_ECDHE_ECDSA_WITH_AES_128_GCM_SHA256, TLS_ECDHE_RSA_WITH_AES_128_GCM_SHA256, TLS_ECDHE_RSA_WITH_AES_256_GCM_SHA384, TLS_ECDHE_RSA_WITH_AES_128_CBC_SHA, TLS_ECDHE_RSA_WITH_AES_256_CBC_SHA, TLS_RSA_WITH_AES_128_GCM_SHA256, TLS_RSA_WITH_AES_128_CBC_SHA, TLS_RSA_WITH_AES_256_CBC_SHA, TLS_AES_128_GCM_SHA256, TLS_AES_256_GCM_SHA384]
417 [main] DEBUG io.netty.channel.MultithreadEventLoopGroup  - -Dio.netty.eventLoopThreads: 16
423 [main] DEBUG io.netty.channel.nio.NioEventLoop  - -Dio.netty.noKeySetOptimization: false
423 [main] DEBUG io.netty.channel.nio.NioEventLoop  - -Dio.netty.selectorAutoRebuildThreshold: 512
457 [main] DEBUG io.netty.buffer.PooledByteBufAllocator  - -Dio.netty.allocator.numHeapArenas: 16
457 [main] DEBUG io.netty.buffer.PooledByteBufAllocator  - -Dio.netty.allocator.numDirectArenas: 16
457 [main] DEBUG io.netty.buffer.PooledByteBufAllocator  - -Dio.netty.allocator.pageSize: 8192
458 [main] DEBUG io.netty.buffer.PooledByteBufAllocator  - -Dio.netty.allocator.maxOrder: 11
458 [main] DEBUG io.netty.buffer.PooledByteBufAllocator  - -Dio.netty.allocator.chunkSize: 16777216
458 [main] DEBUG io.netty.buffer.PooledByteBufAllocator  - -Dio.netty.allocator.smallCacheSize: 256
458 [main] DEBUG io.netty.buffer.PooledByteBufAllocator  - -Dio.netty.allocator.normalCacheSize: 64
458 [main] DEBUG io.netty.buffer.PooledByteBufAllocator  - -Dio.netty.allocator.maxCachedBufferCapacity: 32768
458 [main] DEBUG io.netty.buffer.PooledByteBufAllocator  - -Dio.netty.allocator.cacheTrimInterval: 8192
458 [main] DEBUG io.netty.buffer.PooledByteBufAllocator  - -Dio.netty.allocator.cacheTrimIntervalMillis: 0
458 [main] DEBUG io.netty.buffer.PooledByteBufAllocator  - -Dio.netty.allocator.useCacheForAllThreads: true
458 [main] DEBUG io.netty.buffer.PooledByteBufAllocator  - -Dio.netty.allocator.maxCachedByteBuffersPerChunk: 1023
469 [main] DEBUG io.netty.buffer.ByteBufUtil  - -Dio.netty.allocator.type: pooled
469 [main] DEBUG io.netty.buffer.ByteBufUtil  - -Dio.netty.threadLocalDirectBufferSize: 0
469 [main] DEBUG io.netty.buffer.ByteBufUtil  - -Dio.netty.maxThreadLocalCharBufferSize: 16384
791 [Forwarding newSession on session null to remote] DEBUG io.netty.channel.DefaultChannelId  - -Dio.netty.processId: 8992 (auto-detected)
795 [Forwarding newSession on session null to remote] DEBUG io.netty.util.NetUtil  - -Djava.net.preferIPv4Stack: false
795 [Forwarding newSession on session null to remote] DEBUG io.netty.util.NetUtil  - -Djava.net.preferIPv6Addresses: false
800 [Forwarding newSession on session null to remote] DEBUG io.netty.util.NetUtilInitializations  - Loopback interface: lo (Software Loopback Interface 1, 127.0.0.1)
800 [Forwarding newSession on session null to remote] DEBUG io.netty.util.NetUtil  - Failed to get SOMAXCONN from sysctl and file \proc\sys\net\core\somaxconn. Default: 200
817 [Forwarding newSession on session null to remote] DEBUG io.netty.channel.DefaultChannelId  - -Dio.netty.machineId: 00:ff:18:ff:fe:96:e6:e2 (auto-detected)
843 [AsyncHttpClient-1-2] DEBUG io.netty.buffer.AbstractByteBuf  - -Dio.netty.buffer.checkAccessible: true
844 [AsyncHttpClient-1-2] DEBUG io.netty.buffer.AbstractByteBuf  - -Dio.netty.buffer.checkBounds: true
844 [AsyncHttpClient-1-2] DEBUG io.netty.util.ResourceLeakDetectorFactory  - Loaded default ResourceLeakDetector: io.netty.util.ResourceLeakDetector@3ac1d26
854 [AsyncHttpClient-1-2] DEBUG org.asynchttpclient.netty.channel.NettyConnectListener  - Using new Channel '[id: 0xbbe1cc79, L:/127.0.0.1:60613 - R:localhost/127.0.0.1:55927]' for 'POST' to '/session'
859 [AsyncHttpClient-1-2] DEBUG io.netty.util.Recycler  - -Dio.netty.recycler.maxCapacityPerThread: 4096
859 [AsyncHttpClient-1-2] DEBUG io.netty.util.Recycler  - -Dio.netty.recycler.maxSharedCapacityFactor: 2
859 [AsyncHttpClient-1-2] DEBUG io.netty.util.Recycler  - -Dio.netty.recycler.linkCapacity: 16
859 [AsyncHttpClient-1-2] DEBUG io.netty.util.Recycler  - -Dio.netty.recycler.ratio: 8
859 [AsyncHttpClient-1-2] DEBUG io.netty.util.Recycler  - -Dio.netty.recycler.delayedQueue.ratio: 8
1548 [AsyncHttpClient-1-2] DEBUG io.netty.handler.codec.compression.Brotli  - brotli4j not in the classpath; Brotli support will be unavailable.
1549 [AsyncHttpClient-1-2] DEBUG org.asynchttpclient.netty.handler.HttpHandler  - 

Request DefaultHttpRequest(decodeResult: success, version: HTTP/1.1)
POST /session HTTP/1.1
User-Agent: selenium/4.0.0 (java windows)
Content-Length: 365
Content-Type: application/json; charset=utf-8
host: localhost:55927
accept: */*

Response DefaultHttpResponse(decodeResult: success, version: HTTP/1.1)
HTTP/1.1 200 OK
Content-Type: application/json; charset=utf-8
cache-control: no-cache
content-length: 785

1557 [AsyncHttpClient-1-2] DEBUG org.asynchttpclient.netty.channel.ChannelManager  - Adding key: http://localhost:55927 for channel [id: 0xbbe1cc79, L:/127.0.0.1:60613 - R:localhost/127.0.0.1:55927]
1628 [AsyncHttpClient-1-3] DEBUG org.asynchttpclient.netty.channel.NettyConnectListener  - Using new Channel '[id: 0x167e977a, L:/127.0.0.1:60621 - R:localhost/127.0.0.1:60614]' for 'GET' to '/json/version'
1634 [AsyncHttpClient-1-3] DEBUG org.asynchttpclient.netty.handler.HttpHandler  - 

Request DefaultFullHttpRequest(decodeResult: success, version: HTTP/1.1, content: EmptyByteBufBE)
GET /json/version HTTP/1.1
User-Agent: selenium/4.0.0 (java windows)
host: localhost:60614
accept: */*

Response DefaultHttpResponse(decodeResult: success, version: HTTP/1.1)
HTTP/1.1 200 OK
Content-Type: application/json; charset=UTF-8
content-length: 424

1634 [AsyncHttpClient-1-3] DEBUG org.asynchttpclient.netty.channel.ChannelManager  - Adding key: http://localhost:60614 for channel [id: 0x167e977a, L:/127.0.0.1:60621 - R:localhost/127.0.0.1:60614]
1640 [main] DEBUG io.netty.util.internal.ThreadLocalRandom  - -Dio.netty.initialSeedUniquifier: 0x6a77137a2956d4b0
1642 [AsyncHttpClient-1-4] DEBUG org.asynchttpclient.netty.channel.NettyConnectListener  - Using new Channel '[id: 0x2ec98fdb, L:/127.0.0.1:60622 - R:localhost/127.0.0.1:60614]' for 'GET' to '/devtools/browser/d2d7f1e5-f961-4aa5-a73d-b797aecf8238'
1649 [AsyncHttpClient-1-4] DEBUG org.asynchttpclient.netty.handler.WebSocketHandler  - 

Request DefaultFullHttpRequest(decodeResult: success, version: HTTP/1.1, content: EmptyByteBufBE)
GET /devtools/browser/d2d7f1e5-f961-4aa5-a73d-b797aecf8238 HTTP/1.1
upgrade: websocket
connection: upgrade
sec-websocket-key: C3GRrtwtCSdVS7bzgnRgug==
sec-websocket-version: 13
origin: http://localhost:60614
host: localhost:60614
accept: */*
user-agent: AHC/2.1

Response DefaultHttpResponse(decodeResult: success, version: HTTP/1.1)
HTTP/1.1 101 WebSocket Protocol Handshake
Upgrade: WebSocket
Connection: Upgrade
Sec-WebSocket-Accept: Het6YlDqfwgFrTO0B7x5LELo1PQ=

1671 [Forwarding get on session b35d5eb7cd1b6698d2b2527cfefe91a0 to remote] DEBUG org.asynchttpclient.netty.request.NettyRequestSender  - Using pooled Channel '[id: 0xbbe1cc79, L:/127.0.0.1:60613 - R:localhost/127.0.0.1:55927]' for 'POST' to 'http://localhost:55927/session/b35d5eb7cd1b6698d2b2527cfefe91a0/url'
1671 [Forwarding get on session b35d5eb7cd1b6698d2b2527cfefe91a0 to remote] DEBUG org.asynchttpclient.netty.request.NettyRequestSender  - Using open Channel [id: 0xbbe1cc79, L:/127.0.0.1:60613 - R:localhost/127.0.0.1:55927] for POST '/session/b35d5eb7cd1b6698d2b2527cfefe91a0/url'
2558 [AsyncHttpClient-1-1] DEBUG org.asynchttpclient.netty.channel.DefaultChannelPool  - Entry count for : http://localhost:60614 : 1
3654 [AsyncHttpClient-1-1] DEBUG org.asynchttpclient.netty.channel.DefaultChannelPool  - Entry count for : http://localhost:60614 : 1
4754 [AsyncHttpClient-1-1] DEBUG org.asynchttpclient.netty.channel.DefaultChannelPool  - Entry count for : http://localhost:60614 : 1
5853 [AsyncHttpClient-1-1] DEBUG org.asynchttpclient.netty.channel.DefaultChannelPool  - Entry count for : http://localhost:60614 : 1
6952 [AsyncHttpClient-1-1] DEBUG org.asynchttpclient.netty.channel.DefaultChannelPool  - Entry count for : http://localhost:60614 : 1
8059 [AsyncHttpClient-1-1] DEBUG org.asynchttpclient.netty.channel.DefaultChannelPool  - Entry count for : http://localhost:60614 : 1
9156 [AsyncHttpClient-1-1] DEBUG org.asynchttpclient.netty.channel.DefaultChannelPool  - Entry count for : http://localhost:60614 : 1
10254 [AsyncHttpClient-1-1] DEBUG org.asynchttpclient.netty.channel.DefaultChannelPool  - Entry count for : http://localhost:60614 : 1
11356 [AsyncHttpClient-1-1] DEBUG org.asynchttpclient.netty.channel.DefaultChannelPool  - Entry count for : http://localhost:60614 : 1
12453 [AsyncHttpClient-1-1] DEBUG org.asynchttpclient.netty.channel.DefaultChannelPool  - Entry count for : http://localhost:60614 : 1
13555 [AsyncHttpClient-1-1] DEBUG org.asynchttpclient.netty.channel.DefaultChannelPool  - Entry count for : http://localhost:60614 : 1
14657 [AsyncHttpClient-1-1] DEBUG org.asynchttpclient.netty.channel.DefaultChannelPool  - Entry count for : http://localhost:60614 : 1
15756 [AsyncHttpClient-1-1] DEBUG org.asynchttpclient.netty.channel.DefaultChannelPool  - Entry count for : http://localhost:60614 : 1
16852 [AsyncHttpClient-1-1] DEBUG org.asynchttpclient.netty.channel.DefaultChannelPool  - Entry count for : http://localhost:60614 : 1
17952 [AsyncHttpClient-1-1] DEBUG org.asynchttpclient.netty.channel.DefaultChannelPool  - Entry count for : http://localhost:60614 : 1
19054 [AsyncHttpClient-1-1] DEBUG org.asynchttpclient.netty.channel.DefaultChannelPool  - Entry count for : http://localhost:60614 : 1
20153 [AsyncHttpClient-1-1] DEBUG org.asynchttpclient.netty.channel.DefaultChannelPool  - Entry count for : http://localhost:60614 : 1
21255 [AsyncHttpClient-1-1] DEBUG org.asynchttpclient.netty.channel.DefaultChannelPool  - Entry count for : http://localhost:60614 : 1
22355 [AsyncHttpClient-1-1] DEBUG org.asynchttpclient.netty.channel.DefaultChannelPool  - Entry count for : http://localhost:60614 : 1
23453 [AsyncHttpClient-1-1] DEBUG org.asynchttpclient.netty.channel.DefaultChannelPool  - Entry count for : http://localhost:60614 : 1
24552 [AsyncHttpClient-1-1] DEBUG org.asynchttpclient.netty.channel.DefaultChannelPool  - Entry count for : http://localhost:60614 : 1
25653 [AsyncHttpClient-1-1] DEBUG org.asynchttpclient.netty.channel.DefaultChannelPool  - Entry count for : http://localhost:60614 : 1
26767 [AsyncHttpClient-1-1] DEBUG org.asynchttpclient.netty.channel.DefaultChannelPool  - Entry count for : http://localhost:60614 : 1
27853 [AsyncHttpClient-1-1] DEBUG org.asynchttpclient.netty.channel.DefaultChannelPool  - Entry count for : http://localhost:60614 : 1
28955 [AsyncHttpClient-1-1] DEBUG org.asynchttpclient.netty.channel.DefaultChannelPool  - Entry count for : http://localhost:60614 : 1
30055 [AsyncHttpClient-1-1] DEBUG org.asynchttpclient.netty.channel.DefaultChannelPool  - Entry count for : http://localhost:60614 : 1
31152 [AsyncHttpClient-1-1] DEBUG org.asynchttpclient.netty.channel.DefaultChannelPool  - Entry count for : http://localhost:60614 : 1
32267 [AsyncHttpClient-1-1] DEBUG org.asynchttpclient.netty.channel.DefaultChannelPool  - Entry count for : http://localhost:60614 : 1
33353 [AsyncHttpClient-1-1] DEBUG org.asynchttpclient.netty.channel.DefaultChannelPool  - Entry count for : http://localhost:60614 : 1
34454 [AsyncHttpClient-1-1] DEBUG org.asynchttpclient.netty.channel.DefaultChannelPool  - Entry count for : http://localhost:60614 : 1
35555 [AsyncHttpClient-1-1] DEBUG org.asynchttpclient.netty.channel.DefaultChannelPool  - Entry count for : http://localhost:60614 : 1
36652 [AsyncHttpClient-1-1] DEBUG org.asynchttpclient.netty.channel.DefaultChannelPool  - Entry count for : http://localhost:60614 : 1
37756 [AsyncHttpClient-1-1] DEBUG org.asynchttpclient.netty.channel.DefaultChannelPool  - Entry count for : http://localhost:60614 : 1
38688 [AsyncHttpClient-1-2] DEBUG org.asynchttpclient.netty.handler.HttpHandler  - 

Request DefaultHttpRequest(decodeResult: success, version: HTTP/1.1)
POST /session/b35d5eb7cd1b6698d2b2527cfefe91a0/url HTTP/1.1
User-Agent: selenium/4.0.0 (java windows)
Content-Length: 67
Content-Type: application/json; charset=utf-8
host: localhost:55927
accept: */*

Response DefaultHttpResponse(decodeResult: success, version: HTTP/1.1)
HTTP/1.1 200 OK
Content-Type: application/json; charset=utf-8
cache-control: no-cache
content-length: 14

38688 [AsyncHttpClient-1-2] DEBUG org.asynchttpclient.netty.channel.ChannelManager  - Adding key: http://localhost:55927 for channel [id: 0xbbe1cc79, L:/127.0.0.1:60613 - R:localhost/127.0.0.1:55927]
38693 [Forwarding deleteAllCookies on session b35d5eb7cd1b6698d2b2527cfefe91a0 to remote] DEBUG org.asynchttpclient.netty.request.NettyRequestSender  - Using pooled Channel '[id: 0xbbe1cc79, L:/127.0.0.1:60613 - R:localhost/127.0.0.1:55927]' for 'DELETE' to 'http://localhost:55927/session/b35d5eb7cd1b6698d2b2527cfefe91a0/cookie'
38693 [Forwarding deleteAllCookies on session b35d5eb7cd1b6698d2b2527cfefe91a0 to remote] DEBUG org.asynchttpclient.netty.request.NettyRequestSender  - Using open Channel [id: 0xbbe1cc79, L:/127.0.0.1:60613 - R:localhost/127.0.0.1:55927] for DELETE '/session/b35d5eb7cd1b6698d2b2527cfefe91a0/cookie'
38798 [AsyncHttpClient-1-2] DEBUG org.asynchttpclient.netty.handler.HttpHandler  - 

Request DefaultFullHttpRequest(decodeResult: success, version: HTTP/1.1, content: EmptyByteBufBE)
DELETE /session/b35d5eb7cd1b6698d2b2527cfefe91a0/cookie HTTP/1.1
User-Agent: selenium/4.0.0 (java windows)
Content-Type: application/json; charset=utf-8
host: localhost:55927
accept: */*

Response DefaultHttpResponse(decodeResult: success, version: HTTP/1.1)
HTTP/1.1 200 OK
Content-Type: application/json; charset=utf-8
cache-control: no-cache
content-length: 14

38799 [AsyncHttpClient-1-2] DEBUG org.asynchttpclient.netty.channel.ChannelManager  - Adding key: http://localhost:55927 for channel [id: 0xbbe1cc79, L:/127.0.0.1:60613 - R:localhost/127.0.0.1:55927]
38802 [Forwarding maximizeCurrentWindow on session b35d5eb7cd1b6698d2b2527cfefe91a0 to remote] DEBUG org.asynchttpclient.netty.request.NettyRequestSender  - Using pooled Channel '[id: 0xbbe1cc79, L:/127.0.0.1:60613 - R:localhost/127.0.0.1:55927]' for 'POST' to 'http://localhost:55927/session/b35d5eb7cd1b6698d2b2527cfefe91a0/window/maximize'
38803 [Forwarding maximizeCurrentWindow on session b35d5eb7cd1b6698d2b2527cfefe91a0 to remote] DEBUG org.asynchttpclient.netty.request.NettyRequestSender  - Using open Channel [id: 0xbbe1cc79, L:/127.0.0.1:60613 - R:localhost/127.0.0.1:55927] for POST '/session/b35d5eb7cd1b6698d2b2527cfefe91a0/window/maximize'
38853 [AsyncHttpClient-1-1] DEBUG org.asynchttpclient.netty.channel.DefaultChannelPool  - Entry count for : http://localhost:60614 : 1
38933 [AsyncHttpClient-1-2] DEBUG org.asynchttpclient.netty.handler.HttpHandler  - 

Request DefaultHttpRequest(decodeResult: success, version: HTTP/1.1)
POST /session/b35d5eb7cd1b6698d2b2527cfefe91a0/window/maximize HTTP/1.1
User-Agent: selenium/4.0.0 (java windows)
Content-Length: 3
Content-Type: application/json; charset=utf-8
host: localhost:55927
accept: */*

Response DefaultHttpResponse(decodeResult: success, version: HTTP/1.1)
HTTP/1.1 200 OK
Content-Type: application/json; charset=utf-8
cache-control: no-cache
content-length: 51

38934 [AsyncHttpClient-1-2] DEBUG org.asynchttpclient.netty.channel.ChannelManager  - Adding key: http://localhost:55927 for channel [id: 0xbbe1cc79, L:/127.0.0.1:60613 - R:localhost/127.0.0.1:55927]
38942 [Forwarding setTimeout on session b35d5eb7cd1b6698d2b2527cfefe91a0 to remote] DEBUG org.asynchttpclient.netty.request.NettyRequestSender  - Using pooled Channel '[id: 0xbbe1cc79, L:/127.0.0.1:60613 - R:localhost/127.0.0.1:55927]' for 'POST' to 'http://localhost:55927/session/b35d5eb7cd1b6698d2b2527cfefe91a0/timeouts'
38942 [Forwarding setTimeout on session b35d5eb7cd1b6698d2b2527cfefe91a0 to remote] DEBUG org.asynchttpclient.netty.request.NettyRequestSender  - Using open Channel [id: 0xbbe1cc79, L:/127.0.0.1:60613 - R:localhost/127.0.0.1:55927] for POST '/session/b35d5eb7cd1b6698d2b2527cfefe91a0/timeouts'
38944 [AsyncHttpClient-1-2] DEBUG org.asynchttpclient.netty.handler.HttpHandler  - 

Request DefaultHttpRequest(decodeResult: success, version: HTTP/1.1)
POST /session/b35d5eb7cd1b6698d2b2527cfefe91a0/timeouts HTTP/1.1
User-Agent: selenium/4.0.0 (java windows)
Content-Length: 23
Content-Type: application/json; charset=utf-8
host: localhost:55927
accept: */*

Response DefaultHttpResponse(decodeResult: success, version: HTTP/1.1)
HTTP/1.1 200 OK
Content-Type: application/json; charset=utf-8
cache-control: no-cache
content-length: 14

38945 [AsyncHttpClient-1-2] DEBUG org.asynchttpclient.netty.channel.ChannelManager  - Adding key: http://localhost:55927 for channel [id: 0xbbe1cc79, L:/127.0.0.1:60613 - R:localhost/127.0.0.1:55927]
38947 [Forwarding setTimeout on session b35d5eb7cd1b6698d2b2527cfefe91a0 to remote] DEBUG org.asynchttpclient.netty.request.NettyRequestSender  - Using pooled Channel '[id: 0xbbe1cc79, L:/127.0.0.1:60613 - R:localhost/127.0.0.1:55927]' for 'POST' to 'http://localhost:55927/session/b35d5eb7cd1b6698d2b2527cfefe91a0/timeouts'
38947 [Forwarding setTimeout on session b35d5eb7cd1b6698d2b2527cfefe91a0 to remote] DEBUG org.asynchttpclient.netty.request.NettyRequestSender  - Using open Channel [id: 0xbbe1cc79, L:/127.0.0.1:60613 - R:localhost/127.0.0.1:55927] for POST '/session/b35d5eb7cd1b6698d2b2527cfefe91a0/timeouts'
38950 [AsyncHttpClient-1-2] DEBUG org.asynchttpclient.netty.handler.HttpHandler  - 

Request DefaultHttpRequest(decodeResult: success, version: HTTP/1.1)
POST /session/b35d5eb7cd1b6698d2b2527cfefe91a0/timeouts HTTP/1.1
User-Agent: selenium/4.0.0 (java windows)
Content-Length: 23
Content-Type: application/json; charset=utf-8
host: localhost:55927
accept: */*

Response DefaultHttpResponse(decodeResult: success, version: HTTP/1.1)
HTTP/1.1 200 OK
Content-Type: application/json; charset=utf-8
cache-control: no-cache
content-length: 14

38950 [AsyncHttpClient-1-2] DEBUG org.asynchttpclient.netty.channel.ChannelManager  - Adding key: http://localhost:55927 for channel [id: 0xbbe1cc79, L:/127.0.0.1:60613 - R:localhost/127.0.0.1:55927]
38951 [main] DEBUG com.toppros.base.TestBase  - exiting openBrowser()
39001 [Forwarding findElement on session b35d5eb7cd1b6698d2b2527cfefe91a0 to remote] DEBUG org.asynchttpclient.netty.request.NettyRequestSender  - Using pooled Channel '[id: 0xbbe1cc79, L:/127.0.0.1:60613 - R:localhost/127.0.0.1:55927]' for 'POST' to 'http://localhost:55927/session/b35d5eb7cd1b6698d2b2527cfefe91a0/element'
39001 [Forwarding findElement on session b35d5eb7cd1b6698d2b2527cfefe91a0 to remote] DEBUG org.asynchttpclient.netty.request.NettyRequestSender  - Using open Channel [id: 0xbbe1cc79, L:/127.0.0.1:60613 - R:localhost/127.0.0.1:55927] for POST '/session/b35d5eb7cd1b6698d2b2527cfefe91a0/element'
39006 [AsyncHttpClient-1-2] DEBUG org.asynchttpclient.netty.handler.HttpHandler  - 

Request DefaultHttpRequest(decodeResult: success, version: HTTP/1.1)
POST /session/b35d5eb7cd1b6698d2b2527cfefe91a0/element HTTP/1.1
User-Agent: selenium/4.0.0 (java windows)
Content-Length: 72
Content-Type: application/json; charset=utf-8
host: localhost:55927
accept: */*

Response DefaultHttpResponse(decodeResult: success, version: HTTP/1.1)
HTTP/1.1 400 Bad Request
Content-Type: application/json; charset=utf-8
cache-control: no-cache
content-length: 959

39007 [AsyncHttpClient-1-2] DEBUG org.asynchttpclient.netty.channel.ChannelManager  - Adding key: http://localhost:55927 for channel [id: 0xbbe1cc79, L:/127.0.0.1:60613 - R:localhost/127.0.0.1:55927]
39028 [Forwarding findElement on session b35d5eb7cd1b6698d2b2527cfefe91a0 to remote] DEBUG org.asynchttpclient.netty.request.NettyRequestSender  - Using pooled Channel '[id: 0xbbe1cc79, L:/127.0.0.1:60613 - R:localhost/127.0.0.1:55927]' for 'POST' to 'http://localhost:55927/session/b35d5eb7cd1b6698d2b2527cfefe91a0/element'
39028 [Forwarding findElement on session b35d5eb7cd1b6698d2b2527cfefe91a0 to remote] DEBUG org.asynchttpclient.netty.request.NettyRequestSender  - Using open Channel [id: 0xbbe1cc79, L:/127.0.0.1:60613 - R:localhost/127.0.0.1:55927] for POST '/session/b35d5eb7cd1b6698d2b2527cfefe91a0/element'
39043 [AsyncHttpClient-1-2] DEBUG org.asynchttpclient.netty.handler.HttpHandler  - 

Request DefaultHttpRequest(decodeResult: success, version: HTTP/1.1)
POST /session/b35d5eb7cd1b6698d2b2527cfefe91a0/element HTTP/1.1
User-Agent: selenium/4.0.0 (java windows)
Content-Length: 86
Content-Type: application/json; charset=utf-8
host: localhost:55927
accept: */*

Response DefaultHttpResponse(decodeResult: success, version: HTTP/1.1)
HTTP/1.1 200 OK
Content-Type: application/json; charset=utf-8
cache-control: no-cache
content-length: 88

39044 [AsyncHttpClient-1-2] DEBUG org.asynchttpclient.netty.channel.ChannelManager  - Adding key: http://localhost:55927 for channel [id: 0xbbe1cc79, L:/127.0.0.1:60613 - R:localhost/127.0.0.1:55927]
39049 [Forwarding clickElement on session b35d5eb7cd1b6698d2b2527cfefe91a0 to remote] DEBUG org.asynchttpclient.netty.request.NettyRequestSender  - Using pooled Channel '[id: 0xbbe1cc79, L:/127.0.0.1:60613 - R:localhost/127.0.0.1:55927]' for 'POST' to 'http://localhost:55927/session/b35d5eb7cd1b6698d2b2527cfefe91a0/element/bc8e3161-3f91-4202-8278-105eaf32c3ee/click'
39049 [Forwarding clickElement on session b35d5eb7cd1b6698d2b2527cfefe91a0 to remote] DEBUG org.asynchttpclient.netty.request.NettyRequestSender  - Using open Channel [id: 0xbbe1cc79, L:/127.0.0.1:60613 - R:localhost/127.0.0.1:55927] for POST '/session/b35d5eb7cd1b6698d2b2527cfefe91a0/element/bc8e3161-3f91-4202-8278-105eaf32c3ee/click'
39131 [AsyncHttpClient-1-2] DEBUG org.asynchttpclient.netty.handler.HttpHandler  - 

Request DefaultHttpRequest(decodeResult: success, version: HTTP/1.1)
POST /session/b35d5eb7cd1b6698d2b2527cfefe91a0/element/bc8e3161-3f91-4202-8278-105eaf32c3ee/click HTTP/1.1
User-Agent: selenium/4.0.0 (java windows)
Content-Length: 50
Content-Type: application/json; charset=utf-8
host: localhost:55927
accept: */*

Response DefaultHttpResponse(decodeResult: success, version: HTTP/1.1)
HTTP/1.1 200 OK
Content-Type: application/json; charset=utf-8
cache-control: no-cache
content-length: 14

39131 [AsyncHttpClient-1-2] DEBUG org.asynchttpclient.netty.channel.ChannelManager  - Adding key: http://localhost:55927 for channel [id: 0xbbe1cc79, L:/127.0.0.1:60613 - R:localhost/127.0.0.1:55927]
39148 [Forwarding findElement on session b35d5eb7cd1b6698d2b2527cfefe91a0 to remote] DEBUG org.asynchttpclient.netty.request.NettyRequestSender  - Using pooled Channel '[id: 0xbbe1cc79, L:/127.0.0.1:60613 - R:localhost/127.0.0.1:55927]' for 'POST' to 'http://localhost:55927/session/b35d5eb7cd1b6698d2b2527cfefe91a0/element'
39148 [Forwarding findElement on session b35d5eb7cd1b6698d2b2527cfefe91a0 to remote] DEBUG org.asynchttpclient.netty.request.NettyRequestSender  - Using open Channel [id: 0xbbe1cc79, L:/127.0.0.1:60613 - R:localhost/127.0.0.1:55927] for POST '/session/b35d5eb7cd1b6698d2b2527cfefe91a0/element'
39158 [AsyncHttpClient-1-2] DEBUG org.asynchttpclient.netty.handler.HttpHandler  - 

Request DefaultHttpRequest(decodeResult: success, version: HTTP/1.1)
POST /session/b35d5eb7cd1b6698d2b2527cfefe91a0/element HTTP/1.1
User-Agent: selenium/4.0.0 (java windows)
Content-Length: 57
Content-Type: application/json; charset=utf-8
host: localhost:55927
accept: */*

Response DefaultHttpResponse(decodeResult: success, version: HTTP/1.1)
HTTP/1.1 200 OK
Content-Type: application/json; charset=utf-8
cache-control: no-cache
content-length: 88

39158 [AsyncHttpClient-1-2] DEBUG org.asynchttpclient.netty.channel.ChannelManager  - Adding key: http://localhost:55927 for channel [id: 0xbbe1cc79, L:/127.0.0.1:60613 - R:localhost/127.0.0.1:55927]
39169 [Forwarding sendKeysToElement on session b35d5eb7cd1b6698d2b2527cfefe91a0 to remote] DEBUG org.asynchttpclient.netty.request.NettyRequestSender  - Using pooled Channel '[id: 0xbbe1cc79, L:/127.0.0.1:60613 - R:localhost/127.0.0.1:55927]' for 'POST' to 'http://localhost:55927/session/b35d5eb7cd1b6698d2b2527cfefe91a0/element/6aa6bbba-91cd-4364-9444-2a0888715f14/value'
39169 [Forwarding sendKeysToElement on session b35d5eb7cd1b6698d2b2527cfefe91a0 to remote] DEBUG org.asynchttpclient.netty.request.NettyRequestSender  - Using open Channel [id: 0xbbe1cc79, L:/127.0.0.1:60613 - R:localhost/127.0.0.1:55927] for POST '/session/b35d5eb7cd1b6698d2b2527cfefe91a0/element/6aa6bbba-91cd-4364-9444-2a0888715f14/value'
39289 [AsyncHttpClient-1-2] DEBUG org.asynchttpclient.netty.handler.HttpHandler  - 

Request DefaultHttpRequest(decodeResult: success, version: HTTP/1.1)
POST /session/b35d5eb7cd1b6698d2b2527cfefe91a0/element/6aa6bbba-91cd-4364-9444-2a0888715f14/value HTTP/1.1
User-Agent: selenium/4.0.0 (java windows)
Content-Length: 205
Content-Type: application/json; charset=utf-8
host: localhost:55927
accept: */*

Response DefaultHttpResponse(decodeResult: success, version: HTTP/1.1)
HTTP/1.1 200 OK
Content-Type: application/json; charset=utf-8
cache-control: no-cache
content-length: 14

39290 [AsyncHttpClient-1-2] DEBUG org.asynchttpclient.netty.channel.ChannelManager  - Adding key: http://localhost:55927 for channel [id: 0xbbe1cc79, L:/127.0.0.1:60613 - R:localhost/127.0.0.1:55927]
39292 [Forwarding findElement on session b35d5eb7cd1b6698d2b2527cfefe91a0 to remote] DEBUG org.asynchttpclient.netty.request.NettyRequestSender  - Using pooled Channel '[id: 0xbbe1cc79, L:/127.0.0.1:60613 - R:localhost/127.0.0.1:55927]' for 'POST' to 'http://localhost:55927/session/b35d5eb7cd1b6698d2b2527cfefe91a0/element'
39292 [Forwarding findElement on session b35d5eb7cd1b6698d2b2527cfefe91a0 to remote] DEBUG org.asynchttpclient.netty.request.NettyRequestSender  - Using open Channel [id: 0xbbe1cc79, L:/127.0.0.1:60613 - R:localhost/127.0.0.1:55927] for POST '/session/b35d5eb7cd1b6698d2b2527cfefe91a0/element'
39310 [AsyncHttpClient-1-2] DEBUG org.asynchttpclient.netty.handler.HttpHandler  - 

Request DefaultHttpRequest(decodeResult: success, version: HTTP/1.1)
POST /session/b35d5eb7cd1b6698d2b2527cfefe91a0/element HTTP/1.1
User-Agent: selenium/4.0.0 (java windows)
Content-Length: 150
Content-Type: application/json; charset=utf-8
host: localhost:55927
accept: */*

Response DefaultHttpResponse(decodeResult: success, version: HTTP/1.1)
HTTP/1.1 200 OK
Content-Type: application/json; charset=utf-8
cache-control: no-cache
content-length: 88

39311 [AsyncHttpClient-1-2] DEBUG org.asynchttpclient.netty.channel.ChannelManager  - Adding key: http://localhost:55927 for channel [id: 0xbbe1cc79, L:/127.0.0.1:60613 - R:localhost/127.0.0.1:55927]
39313 [Forwarding clickElement on session b35d5eb7cd1b6698d2b2527cfefe91a0 to remote] DEBUG org.asynchttpclient.netty.request.NettyRequestSender  - Using pooled Channel '[id: 0xbbe1cc79, L:/127.0.0.1:60613 - R:localhost/127.0.0.1:55927]' for 'POST' to 'http://localhost:55927/session/b35d5eb7cd1b6698d2b2527cfefe91a0/element/087f3cbf-c368-4788-875f-5b86bfaa4357/click'
39313 [Forwarding clickElement on session b35d5eb7cd1b6698d2b2527cfefe91a0 to remote] DEBUG org.asynchttpclient.netty.request.NettyRequestSender  - Using open Channel [id: 0xbbe1cc79, L:/127.0.0.1:60613 - R:localhost/127.0.0.1:55927] for POST '/session/b35d5eb7cd1b6698d2b2527cfefe91a0/element/087f3cbf-c368-4788-875f-5b86bfaa4357/click'
39385 [AsyncHttpClient-1-2] DEBUG org.asynchttpclient.netty.handler.HttpHandler  - 

Request DefaultHttpRequest(decodeResult: success, version: HTTP/1.1)
POST /session/b35d5eb7cd1b6698d2b2527cfefe91a0/element/087f3cbf-c368-4788-875f-5b86bfaa4357/click HTTP/1.1
User-Agent: selenium/4.0.0 (java windows)
Content-Length: 50
Content-Type: application/json; charset=utf-8
host: localhost:55927
accept: */*

Response DefaultHttpResponse(decodeResult: success, version: HTTP/1.1)
HTTP/1.1 200 OK
Content-Type: application/json; charset=utf-8
cache-control: no-cache
content-length: 14

39387 [AsyncHttpClient-1-2] DEBUG org.asynchttpclient.netty.channel.ChannelManager  - Adding key: http://localhost:55927 for channel [id: 0xbbe1cc79, L:/127.0.0.1:60613 - R:localhost/127.0.0.1:55927]
39391 [Forwarding findElement on session b35d5eb7cd1b6698d2b2527cfefe91a0 to remote] DEBUG org.asynchttpclient.netty.request.NettyRequestSender  - Using pooled Channel '[id: 0xbbe1cc79, L:/127.0.0.1:60613 - R:localhost/127.0.0.1:55927]' for 'POST' to 'http://localhost:55927/session/b35d5eb7cd1b6698d2b2527cfefe91a0/element'
39391 [Forwarding findElement on session b35d5eb7cd1b6698d2b2527cfefe91a0 to remote] DEBUG org.asynchttpclient.netty.request.NettyRequestSender  - Using open Channel [id: 0xbbe1cc79, L:/127.0.0.1:60613 - R:localhost/127.0.0.1:55927] for POST '/session/b35d5eb7cd1b6698d2b2527cfefe91a0/element'
39594 [AsyncHttpClient-1-2] DEBUG org.asynchttpclient.netty.handler.HttpHandler  - 

Request DefaultHttpRequest(decodeResult: success, version: HTTP/1.1)
POST /session/b35d5eb7cd1b6698d2b2527cfefe91a0/element HTTP/1.1
User-Agent: selenium/4.0.0 (java windows)
Content-Length: 70
Content-Type: application/json; charset=utf-8
host: localhost:55927
accept: */*

Response DefaultHttpResponse(decodeResult: success, version: HTTP/1.1)
HTTP/1.1 200 OK
Content-Type: application/json; charset=utf-8
cache-control: no-cache
content-length: 88

39594 [AsyncHttpClient-1-2] DEBUG org.asynchttpclient.netty.channel.ChannelManager  - Adding key: http://localhost:55927 for channel [id: 0xbbe1cc79, L:/127.0.0.1:60613 - R:localhost/127.0.0.1:55927]
39597 [Forwarding sendKeysToElement on session b35d5eb7cd1b6698d2b2527cfefe91a0 to remote] DEBUG org.asynchttpclient.netty.request.NettyRequestSender  - Using pooled Channel '[id: 0xbbe1cc79, L:/127.0.0.1:60613 - R:localhost/127.0.0.1:55927]' for 'POST' to 'http://localhost:55927/session/b35d5eb7cd1b6698d2b2527cfefe91a0/element/97d63031-70db-4d31-a7f8-79e5864f8416/value'
39597 [Forwarding sendKeysToElement on session b35d5eb7cd1b6698d2b2527cfefe91a0 to remote] DEBUG org.asynchttpclient.netty.request.NettyRequestSender  - Using open Channel [id: 0xbbe1cc79, L:/127.0.0.1:60613 - R:localhost/127.0.0.1:55927] for POST '/session/b35d5eb7cd1b6698d2b2527cfefe91a0/element/97d63031-70db-4d31-a7f8-79e5864f8416/value'
39678 [AsyncHttpClient-1-2] DEBUG org.asynchttpclient.netty.handler.HttpHandler  - 

Request DefaultHttpRequest(decodeResult: success, version: HTTP/1.1)
POST /session/b35d5eb7cd1b6698d2b2527cfefe91a0/element/97d63031-70db-4d31-a7f8-79e5864f8416/value HTTP/1.1
User-Agent: selenium/4.0.0 (java windows)
Content-Length: 195
Content-Type: application/json; charset=utf-8
host: localhost:55927
accept: */*

Response DefaultHttpResponse(decodeResult: success, version: HTTP/1.1)
HTTP/1.1 200 OK
Content-Type: application/json; charset=utf-8
cache-control: no-cache
content-length: 14

39679 [AsyncHttpClient-1-2] DEBUG org.asynchttpclient.netty.channel.ChannelManager  - Adding key: http://localhost:55927 for channel [id: 0xbbe1cc79, L:/127.0.0.1:60613 - R:localhost/127.0.0.1:55927]
39681 [Forwarding findElement on session b35d5eb7cd1b6698d2b2527cfefe91a0 to remote] DEBUG org.asynchttpclient.netty.request.NettyRequestSender  - Using pooled Channel '[id: 0xbbe1cc79, L:/127.0.0.1:60613 - R:localhost/127.0.0.1:55927]' for 'POST' to 'http://localhost:55927/session/b35d5eb7cd1b6698d2b2527cfefe91a0/element'
39681 [Forwarding findElement on session b35d5eb7cd1b6698d2b2527cfefe91a0 to remote] DEBUG org.asynchttpclient.netty.request.NettyRequestSender  - Using open Channel [id: 0xbbe1cc79, L:/127.0.0.1:60613 - R:localhost/127.0.0.1:55927] for POST '/session/b35d5eb7cd1b6698d2b2527cfefe91a0/element'
39700 [AsyncHttpClient-1-2] DEBUG org.asynchttpclient.netty.handler.HttpHandler  - 

Request DefaultHttpRequest(decodeResult: success, version: HTTP/1.1)
POST /session/b35d5eb7cd1b6698d2b2527cfefe91a0/element HTTP/1.1
User-Agent: selenium/4.0.0 (java windows)
Content-Length: 162
Content-Type: application/json; charset=utf-8
host: localhost:55927
accept: */*

Response DefaultHttpResponse(decodeResult: success, version: HTTP/1.1)
HTTP/1.1 200 OK
Content-Type: application/json; charset=utf-8
cache-control: no-cache
content-length: 88

39700 [AsyncHttpClient-1-2] DEBUG org.asynchttpclient.netty.channel.ChannelManager  - Adding key: http://localhost:55927 for channel [id: 0xbbe1cc79, L:/127.0.0.1:60613 - R:localhost/127.0.0.1:55927]
39705 [Forwarding clickElement on session b35d5eb7cd1b6698d2b2527cfefe91a0 to remote] DEBUG org.asynchttpclient.netty.request.NettyRequestSender  - Using pooled Channel '[id: 0xbbe1cc79, L:/127.0.0.1:60613 - R:localhost/127.0.0.1:55927]' for 'POST' to 'http://localhost:55927/session/b35d5eb7cd1b6698d2b2527cfefe91a0/element/5ca104b4-417c-49e4-b306-eef50c4881b2/click'
39705 [Forwarding clickElement on session b35d5eb7cd1b6698d2b2527cfefe91a0 to remote] DEBUG org.asynchttpclient.netty.request.NettyRequestSender  - Using open Channel [id: 0xbbe1cc79, L:/127.0.0.1:60613 - R:localhost/127.0.0.1:55927] for POST '/session/b35d5eb7cd1b6698d2b2527cfefe91a0/element/5ca104b4-417c-49e4-b306-eef50c4881b2/click'
39773 [AsyncHttpClient-1-2] DEBUG org.asynchttpclient.netty.handler.HttpHandler  - 

Request DefaultHttpRequest(decodeResult: success, version: HTTP/1.1)
POST /session/b35d5eb7cd1b6698d2b2527cfefe91a0/element/5ca104b4-417c-49e4-b306-eef50c4881b2/click HTTP/1.1
User-Agent: selenium/4.0.0 (java windows)
Content-Length: 50
Content-Type: application/json; charset=utf-8
host: localhost:55927
accept: */*

Response DefaultHttpResponse(decodeResult: success, version: HTTP/1.1)
HTTP/1.1 200 OK
Content-Type: application/json; charset=utf-8
cache-control: no-cache
content-length: 14

39773 [AsyncHttpClient-1-2] DEBUG org.asynchttpclient.netty.channel.ChannelManager  - Adding key: http://localhost:55927 for channel [id: 0xbbe1cc79, L:/127.0.0.1:60613 - R:localhost/127.0.0.1:55927]
39795 [Forwarding findElement on session b35d5eb7cd1b6698d2b2527cfefe91a0 to remote] DEBUG org.asynchttpclient.netty.request.NettyRequestSender  - Using pooled Channel '[id: 0xbbe1cc79, L:/127.0.0.1:60613 - R:localhost/127.0.0.1:55927]' for 'POST' to 'http://localhost:55927/session/b35d5eb7cd1b6698d2b2527cfefe91a0/element'
39795 [Forwarding findElement on session b35d5eb7cd1b6698d2b2527cfefe91a0 to remote] DEBUG org.asynchttpclient.netty.request.NettyRequestSender  - Using open Channel [id: 0xbbe1cc79, L:/127.0.0.1:60613 - R:localhost/127.0.0.1:55927] for POST '/session/b35d5eb7cd1b6698d2b2527cfefe91a0/element'
39952 [AsyncHttpClient-1-1] DEBUG org.asynchttpclient.netty.channel.DefaultChannelPool  - Entry count for : http://localhost:60614 : 1
41057 [AsyncHttpClient-1-1] DEBUG org.asynchttpclient.netty.channel.DefaultChannelPool  - Entry count for : http://localhost:60614 : 1
42152 [AsyncHttpClient-1-1] DEBUG org.asynchttpclient.netty.channel.DefaultChannelPool  - Entry count for : http://localhost:60614 : 1
43251 [AsyncHttpClient-1-1] DEBUG org.asynchttpclient.netty.channel.DefaultChannelPool  - Entry count for : http://localhost:60614 : 1
44353 [AsyncHttpClient-1-1] DEBUG org.asynchttpclient.netty.channel.DefaultChannelPool  - Entry count for : http://localhost:60614 : 1
45459 [AsyncHttpClient-1-1] DEBUG org.asynchttpclient.netty.channel.DefaultChannelPool  - Entry count for : http://localhost:60614 : 1
46558 [AsyncHttpClient-1-1] DEBUG org.asynchttpclient.netty.channel.DefaultChannelPool  - Entry count for : http://localhost:60614 : 1
47651 [AsyncHttpClient-1-1] DEBUG org.asynchttpclient.netty.channel.DefaultChannelPool  - Entry count for : http://localhost:60614 : 1
48752 [AsyncHttpClient-1-1] DEBUG org.asynchttpclient.netty.channel.DefaultChannelPool  - Entry count for : http://localhost:60614 : 1
49852 [AsyncHttpClient-1-1] DEBUG org.asynchttpclient.netty.channel.DefaultChannelPool  - Entry count for : http://localhost:60614 : 1
50951 [AsyncHttpClient-1-1] DEBUG org.asynchttpclient.netty.channel.DefaultChannelPool  - Entry count for : http://localhost:60614 : 1
52052 [AsyncHttpClient-1-1] DEBUG org.asynchttpclient.netty.channel.DefaultChannelPool  - Entry count for : http://localhost:60614 : 1
53154 [AsyncHttpClient-1-1] DEBUG org.asynchttpclient.netty.channel.DefaultChannelPool  - Entry count for : http://localhost:60614 : 1
54252 [AsyncHttpClient-1-1] DEBUG org.asynchttpclient.netty.channel.DefaultChannelPool  - Entry count for : http://localhost:60614 : 1
55353 [AsyncHttpClient-1-1] DEBUG org.asynchttpclient.netty.channel.DefaultChannelPool  - Entry count for : http://localhost:60614 : 1
56454 [AsyncHttpClient-1-1] DEBUG org.asynchttpclient.netty.channel.DefaultChannelPool  - Entry count for : http://localhost:60614 : 1
57555 [AsyncHttpClient-1-1] DEBUG org.asynchttpclient.netty.channel.DefaultChannelPool  - Entry count for : http://localhost:60614 : 1
58653 [AsyncHttpClient-1-1] DEBUG org.asynchttpclient.netty.channel.DefaultChannelPool  - Entry count for : http://localhost:60614 : 1
59751 [AsyncHttpClient-1-1] DEBUG org.asynchttpclient.netty.channel.DefaultChannelPool  - Entry count for : http://localhost:60614 : 1
60852 [AsyncHttpClient-1-1] DEBUG org.asynchttpclient.netty.channel.DefaultChannelPool  - Entry count for : http://localhost:60614 : 1
61957 [AsyncHttpClient-1-1] DEBUG org.asynchttpclient.netty.channel.DefaultChannelPool  - Entry count for : http://localhost:60614 : 1
61957 [AsyncHttpClient-1-1] DEBUG org.asynchttpclient.netty.channel.DefaultChannelPool  - Adding Candidate expired Channel [id: 0x167e977a, L:/127.0.0.1:60621 - R:localhost/127.0.0.1:60614] isIdleTimeoutExpired=true isRemotelyClosed=false isTtlExpired=false
61957 [AsyncHttpClient-1-1] DEBUG org.asynchttpclient.netty.channel.DefaultChannelPool  - Closing Idle Channel [id: 0x167e977a, L:/127.0.0.1:60621 - R:localhost/127.0.0.1:60614]
61959 [AsyncHttpClient-1-1] DEBUG org.asynchttpclient.netty.channel.DefaultChannelPool  - Closed 1 connections out of 1 in 2 ms
61961 [AsyncHttpClient-1-3] DEBUG org.asynchttpclient.netty.handler.HttpHandler  - Channel Closed: [id: 0x167e977a, L:/127.0.0.1:60621 ! R:localhost/127.0.0.1:60614] with attribute DISCARD
79838 [AsyncHttpClient-1-2] DEBUG org.asynchttpclient.netty.handler.HttpHandler  - 

Request DefaultHttpRequest(decodeResult: success, version: HTTP/1.1)
POST /session/b35d5eb7cd1b6698d2b2527cfefe91a0/element HTTP/1.1
User-Agent: selenium/4.0.0 (java windows)
Content-Length: 223
Content-Type: application/json; charset=utf-8
host: localhost:55927
accept: */*

Response DefaultHttpResponse(decodeResult: success, version: HTTP/1.1)
HTTP/1.1 404 Not Found
Content-Type: application/json; charset=utf-8
cache-control: no-cache
content-length: 1119

79839 [AsyncHttpClient-1-2] DEBUG org.asynchttpclient.netty.channel.ChannelManager  - Adding key: http://localhost:55927 for channel [id: 0xbbe1cc79, L:/127.0.0.1:60613 - R:localhost/127.0.0.1:55927]
]]></system-out>
    <system-err><![CDATA[log4j:WARN No appenders could be found for logger (com.toppros.base.TestBase).
log4j:WARN Please initialize the log4j system properly.
log4j:WARN See http://logging.apache.org/log4j/1.2/faq.html#noconfig for more info.
Starting ChromeDriver 96.0.4664.45 (76e4c1bb2ab4671b8beba3444e61c0f17584b2fc-refs/branch-heads/4664@{#947}) on port 55927
Only local connections are allowed.
Please see https://chromedriver.chromium.org/security-considerations for suggestions on keeping ChromeDriver safe.
ChromeDriver was started successfully.
Dec 13, 2021 1:37:26 PM org.openqa.selenium.remote.ProtocolHandshake createSession
INFO: Detected dialect: W3C
Dec 13, 2021 1:37:26 PM org.openqa.selenium.devtools.CdpVersionFinder findNearestMatch
WARNING: Unable to find an exact match for CDP version 96, so returning the closest version found: 95
Dec 13, 2021 1:37:26 PM org.openqa.selenium.devtools.CdpVersionFinder findNearestMatch
INFO: Found CDP implementation for version 96 of 95
]]></system-err>
  </testcase>
</testsuite>