<?xml version="1.0" encoding="UTF-8"?>
<!-- Generated by org.testng.reporters.JUnitReportReporter -->
<testsuite hostname="DESKTOP-HQSRNSN" failures="0" tests="1" name="com.toppr.tests.Assignment" time="49.700" errors="0" timestamp="2021-12-13T12:48:50 IST" skipped="0">
  <testcase classname="com.toppr.tests.Assignment" name="Login" time="49.700"/>
  <system-out/>
</testsuite> <!-- com.toppr.tests.Assignment -->
