<?xml version="1.0" encoding="UTF-8"?>
<!-- Generated by org.testng.reporters.JUnitReportReporter -->
<testsuite hostname="DESKTOP-HQSRNSN" failures="0" tests="1" name="com.toppr.tests.Assignment" time="12.848" errors="0" timestamp="2021-12-01T14:33:30 IST" skipped="0">
  <testcase classname="com.toppr.tests.Assignment" name="EnglishIHaveDifferentQuestionPostTreatment" time="12.848"/>
  <system-out/>
</testsuite> <!-- com.toppr.tests.Assignment -->
