<?xml version="1.0" encoding="UTF-8"?>
<!-- Generated by org.testng.reporters.JUnitReportReporter -->
<testsuite hostname="DESKTOP-HQSRNSN" failures="0" tests="1" name="com.toppr.tests.Assignment" time="29.509" errors="0" timestamp="2021-12-03T12:19:37 IST" skipped="0">
  <testcase classname="com.toppr.tests.Assignment" name="Login" time="29.509"/>
  <system-out/>
</testsuite> <!-- com.toppr.tests.Assignment -->
