<?xml version="1.0" encoding="UTF-8"?>
<!-- Generated by org.testng.reporters.JUnitReportReporter -->
<testsuite hostname="DESKTOP-HQSRNSN" failures="0" tests="1" name="com.toppr.tests.Assignment" time="32.771" errors="0" timestamp="2021-12-08T15:56:20 IST" skipped="0">
  <testcase classname="com.toppr.tests.Assignment" name="Login" time="32.771"/>
  <system-out/>
</testsuite> <!-- com.toppr.tests.Assignment -->
