<?xml version="1.0" encoding="UTF-8"?>
<!-- Generated by org.testng.reporters.JUnitReportReporter -->
<testsuite hostname="DESKTOP-HQSRNSN" failures="0" tests="1" name="com.toppr.tests.Assignment" time="18.579" errors="0" timestamp="06 Dec 2021 07:20:56 GMT" skipped="0">
  <testcase classname="com.toppr.tests.Assignment" name="Login" time="18.579"/>
</testsuite> <!-- com.toppr.tests.Assignment -->
